Oct 07, 2017 6:22:05 PM Logs.Log generateLogFileServer
INFO: Get account count
Oct 07, 2017 6:22:05 PM Logs.Log generateLogFileServer
INFO: Deposit made for BCC1000
Oct 07, 2017 6:23:27 PM Logs.Log generateLogFileServer
INFO: Deposit failed BCCC1000
Oct 07, 2017 6:23:49 PM Logs.Log generateLogFileServer
INFO: Deposit made for BCC1000
Oct 07, 2017 6:23:49 PM Logs.Log generateLogFileServer
INFO: Get balance for BCC1000
Oct 07, 2017 6:48:58 PM Logs.Log generateLogFileServer
INFO: Account created BCC1000
Oct 07, 2017 6:48:58 PM Logs.Log generateLogFileServer
INFO: Account created BCC1001
Oct 07, 2017 6:48:58 PM Logs.Log generateLogFileServer
INFO: Account created BCC1002
Oct 07, 2017 6:48:58 PM Logs.Log generateLogFileServer
INFO: Account created BCC1003
Oct 07, 2017 6:48:58 PM Logs.Log generateLogFileServer
INFO: Get account count
Oct 07, 2017 6:48:58 PM Logs.Log generateLogFileServer
INFO: Deposit made for BCC1000
Oct 07, 2017 6:52:25 PM Logs.Log generateLogFileServer
INFO: Account created BCC1000
Oct 07, 2017 6:52:25 PM Logs.Log generateLogFileServer
INFO: Account created BCC1001
Oct 07, 2017 6:52:25 PM Logs.Log generateLogFileServer
INFO: Account created BCC1002
Oct 07, 2017 6:52:25 PM Logs.Log generateLogFileServer
INFO: Account created BCC1003
Oct 07, 2017 6:52:26 PM Logs.Log generateLogFileServer
INFO: Get account count
Oct 07, 2017 6:52:26 PM Logs.Log generateLogFileServer
INFO: Deposit made for BCC1000
Oct 07, 2017 7:32:03 PM Logs.Log generateLogFileServer
INFO: Account created BCC1000
Oct 07, 2017 7:32:03 PM Logs.Log generateLogFileServer
INFO: Account created BCC1001
Oct 07, 2017 7:32:03 PM Logs.Log generateLogFileServer
INFO: Account created BCC1002
Oct 07, 2017 7:32:03 PM Logs.Log generateLogFileServer
INFO: Account created BCC1003
Oct 07, 2017 7:32:03 PM Logs.Log generateLogFileServer
INFO: Get account count
Oct 07, 2017 7:32:03 PM Logs.Log generateLogFileServer
INFO: Deposit made for BCC1000
Oct 08, 2017 11:47:16 AM Logs.Log generateLogFileServer
INFO: Account created BCC1000
Oct 08, 2017 11:47:16 AM Logs.Log generateLogFileServer
INFO: Account created BCC1001
Oct 08, 2017 11:47:16 AM Logs.Log generateLogFileServer
INFO: Account created BCC1002
Oct 08, 2017 11:47:16 AM Logs.Log generateLogFileServer
INFO: Account created BCC1003
Oct 08, 2017 11:47:17 AM Logs.Log generateLogFileServer
INFO: Get account count
Oct 08, 2017 11:47:17 AM Logs.Log generateLogFileServer
INFO: Deposit made for BCC1000
Oct 08, 2017 6:15:32 PM Logs.Log generateLogFileServer
INFO: Account created BCC1000
Oct 08, 2017 6:15:32 PM Logs.Log generateLogFileServer
INFO: Account created BCC1001
Oct 08, 2017 6:15:32 PM Logs.Log generateLogFileServer
INFO: Account created BCC1002
Oct 08, 2017 6:15:32 PM Logs.Log generateLogFileServer
INFO: Account created BCC1003
Oct 08, 2017 6:15:33 PM Logs.Log generateLogFileServer
INFO: Get account count
Oct 08, 2017 6:15:33 PM Logs.Log generateLogFileServer
INFO: Deposit made for BCC1000
Oct 08, 2017 11:21:53 PM Logs.Log generateLogFileServer
INFO: Account created BCC1000
Oct 08, 2017 11:21:53 PM Logs.Log generateLogFileServer
INFO: Account created BCC1001
Oct 08, 2017 11:21:53 PM Logs.Log generateLogFileServer
INFO: Account created BCC1002
Oct 08, 2017 11:21:53 PM Logs.Log generateLogFileServer
INFO: Account created BCC1003
Oct 08, 2017 11:21:53 PM Logs.Log generateLogFileServer
INFO: Get account count
Oct 08, 2017 11:21:53 PM Logs.Log generateLogFileServer
INFO: Deposit made for BCC1000
Oct 10, 2017 4:02:31 PM Logs.Log generateLogFileServer
INFO: Account created BCC1000
Oct 10, 2017 4:02:31 PM Logs.Log generateLogFileServer
INFO: Account created BCC1001
Oct 10, 2017 4:02:31 PM Logs.Log generateLogFileServer
INFO: Account created BCC1002
Oct 10, 2017 4:02:31 PM Logs.Log generateLogFileServer
INFO: Account created BCC1003
Oct 10, 2017 4:02:31 PM Logs.Log generateLogFileServer
INFO: Get account count
Oct 10, 2017 4:02:31 PM Logs.Log generateLogFileServer
INFO: Deposit made for BCC1000
Oct 10, 2017 4:50:07 PM Logs.Log generateLogFileServer
INFO: Account created BCC1004
Oct 10, 2017 4:50:07 PM Logs.Log generateLogFileServer
INFO: Account created BCC1005
Oct 10, 2017 4:50:07 PM Logs.Log generateLogFileServer
INFO: Account created BCC1006
Oct 10, 2017 4:50:07 PM Logs.Log generateLogFileServer
INFO: Account created BCC1007
Oct 10, 2017 4:50:07 PM Logs.Log generateLogFileServer
INFO: Get account count
Oct 10, 2017 4:50:07 PM Logs.Log generateLogFileServer
INFO: Deposit made for BCC1000
Oct 10, 2017 5:48:09 PM Logs.Log generateLogFileServer
INFO: Account created BCC1000
Oct 10, 2017 5:48:09 PM Logs.Log generateLogFileServer
INFO: Account created BCC1001
Oct 10, 2017 5:48:09 PM Logs.Log generateLogFileServer
INFO: Account created BCC1002
Oct 10, 2017 5:48:09 PM Logs.Log generateLogFileServer
INFO: Account created BCC1003
Oct 10, 2017 5:48:09 PM Logs.Log generateLogFileServer
INFO: Get account count
Oct 10, 2017 5:48:09 PM Logs.Log generateLogFileServer
INFO: Deposit made for BCC1000
Oct 26, 2017 5:59:48 PM Log.Log generateLogFileServer
INFO: Account created BCC1000
Oct 26, 2017 5:59:48 PM Log.Log generateLogFileServer
INFO: Account created BCC1001
Oct 26, 2017 5:59:48 PM Log.Log generateLogFileServer
INFO: Account created BCC1002
Oct 26, 2017 5:59:48 PM Log.Log generateLogFileServer
INFO: Account created BCC1003
Oct 26, 2017 6:04:52 PM Log.Log generateLogFileServer
INFO: Account created BCC1000
Oct 26, 2017 6:04:52 PM Log.Log generateLogFileServer
INFO: Account created BCC1001
Oct 26, 2017 6:04:52 PM Log.Log generateLogFileServer
INFO: Account created BCC1002
Oct 26, 2017 6:04:52 PM Log.Log generateLogFileServer
INFO: Account created BCC1003
Oct 26, 2017 6:12:36 PM Log.Log generateLogFileServer
INFO: Account created BCC1000
Oct 26, 2017 6:12:36 PM Log.Log generateLogFileServer
INFO: Account created BCC1001
Oct 26, 2017 6:12:36 PM Log.Log generateLogFileServer
INFO: Account created BCC1002
Oct 26, 2017 6:12:36 PM Log.Log generateLogFileServer
INFO: Account created BCC1003
Oct 26, 2017 6:13:59 PM Log.Log generateLogFileServer
INFO: Account created BCC1000
Oct 26, 2017 6:13:59 PM Log.Log generateLogFileServer
INFO: Account created BCC1001
Oct 26, 2017 6:13:59 PM Log.Log generateLogFileServer
INFO: Account created BCC1002
Oct 26, 2017 6:13:59 PM Log.Log generateLogFileServer
INFO: Account created BCC1003
Oct 26, 2017 6:16:13 PM Log.Log generateLogFileServer
INFO: Account created BCC1000
Oct 26, 2017 6:16:13 PM Log.Log generateLogFileServer
INFO: Account created BCC1001
Oct 26, 2017 6:16:13 PM Log.Log generateLogFileServer
INFO: Account created BCC1002
Oct 26, 2017 6:16:13 PM Log.Log generateLogFileServer
INFO: Account created BCC1003
Oct 26, 2017 6:20:25 PM Log.Log generateLogFileServer
INFO: Account created BCC1000
Oct 26, 2017 6:20:25 PM Log.Log generateLogFileServer
INFO: Account created BCC1001
Oct 26, 2017 6:20:25 PM Log.Log generateLogFileServer
INFO: Account created BCC1002
Oct 26, 2017 6:20:25 PM Log.Log generateLogFileServer
INFO: Account created BCC1003
Oct 27, 2017 2:55:04 PM Log.Log generateLogFileServer
INFO: Account created BCC1000
Oct 27, 2017 2:55:04 PM Log.Log generateLogFileServer
INFO: Account created BCC1001
Oct 27, 2017 2:55:04 PM Log.Log generateLogFileServer
INFO: Account created BCC1002
Oct 27, 2017 2:55:04 PM Log.Log generateLogFileServer
INFO: Account created BCC1003
Oct 27, 2017 3:23:19 PM Log.Log generateLogFileServer
INFO: Account created BCC1000
Oct 27, 2017 3:23:19 PM Log.Log generateLogFileServer
INFO: Account created BCC1001
Oct 27, 2017 3:23:19 PM Log.Log generateLogFileServer
INFO: Account created BCC1002
Oct 27, 2017 3:23:19 PM Log.Log generateLogFileServer
INFO: Account created BCC1003
Oct 27, 2017 4:05:17 PM Log.Log generateLogFileServer
INFO: Account created BCC1000
Oct 27, 2017 4:05:18 PM Log.Log generateLogFileServer
INFO: Account created BCC1001
Oct 27, 2017 4:05:18 PM Log.Log generateLogFileServer
INFO: Account created BCC1002
Oct 27, 2017 4:05:18 PM Log.Log generateLogFileServer
INFO: Account created BCC1003
Oct 27, 2017 4:05:40 PM Log.Log generateLogFileServer
INFO: Deposit made for BCC1000
Oct 27, 2017 4:05:40 PM Log.Log generateLogFileServer
INFO: Get balance for BCC1000
Oct 27, 2017 4:06:55 PM Log.Log generateLogFileServer
INFO: Get balance for BCC1000
Oct 27, 2017 4:07:34 PM Log.Log generateLogFileServer
INFO: Get balance for BCC1000
Oct 27, 2017 4:10:59 PM Log.Log generateLogFileServer
INFO: Get balance for BCC1000
Oct 27, 2017 4:11:09 PM Log.Log generateLogFileServer
INFO: Get balance for BCC1000
Oct 27, 2017 4:12:20 PM Log.Log generateLogFileServer
INFO: Get balance for BCC1000
Oct 27, 2017 4:13:12 PM Log.Log generateLogFileServer
INFO: Get balance for BCC1000
Oct 27, 2017 4:14:45 PM Log.Log generateLogFileServer
INFO: Get balance for BCC1000
Oct 27, 2017 4:14:55 PM Log.Log generateLogFileServer
INFO: Get balance for BCC1000
Oct 27, 2017 4:26:40 PM Log.Log generateLogFileServer
INFO: Account created BCC1000
Oct 27, 2017 4:26:40 PM Log.Log generateLogFileServer
INFO: Account created BCC1001
Oct 27, 2017 4:26:40 PM Log.Log generateLogFileServer
INFO: Account created BCC1002
Oct 27, 2017 4:26:40 PM Log.Log generateLogFileServer
INFO: Account created BCC1003
Oct 27, 2017 4:27:01 PM Log.Log generateLogFileServer
INFO: Deposit made for BCC1000
Oct 27, 2017 4:27:01 PM Log.Log generateLogFileServer
INFO: Get balance for BCC1000
Oct 27, 2017 4:27:15 PM Log.Log generateLogFileServer
INFO: Get balance for BCC1000
Oct 27, 2017 6:26:13 PM Log.Log generateLogFileServer
INFO: Account created BCC1000
Oct 27, 2017 6:26:13 PM Log.Log generateLogFileServer
INFO: Account created BCC1001
Oct 27, 2017 6:26:13 PM Log.Log generateLogFileServer
INFO: Account created BCC1002
Oct 27, 2017 6:26:13 PM Log.Log generateLogFileServer
INFO: Account created BCC1003
Oct 27, 2017 6:26:30 PM Log.Log generateLogFileServer
INFO: Deposit made for BCC1000
Oct 27, 2017 6:26:30 PM Log.Log generateLogFileServer
INFO: Get balance for BCC1000
Oct 27, 2017 6:26:42 PM Log.Log generateLogFileServer
INFO: Get balance for BCC1000
Oct 27, 2017 6:32:39 PM Log.Log generateLogFileServer
INFO: Get balance for BCC1000
Oct 27, 2017 7:38:46 PM Log.Log generateLogFileServer
INFO: Account created BCC1000
Oct 27, 2017 7:38:46 PM Log.Log generateLogFileServer
INFO: Account created BCC1001
Oct 27, 2017 7:38:46 PM Log.Log generateLogFileServer
INFO: Account created BCC1002
Oct 27, 2017 7:38:46 PM Log.Log generateLogFileServer
INFO: Account created BCC1003
Oct 27, 2017 7:38:46 PM Log.Log generateLogFileServer
INFO: Get account count
Oct 27, 2017 8:33:29 PM Log.Log generateLogFileServer
INFO: Deposit made for BCC1000
Oct 27, 2017 8:35:29 PM Log.Log generateLogFileServer
INFO: Deposit failed MBC1000
Oct 27, 2017 8:36:21 PM Log.Log generateLogFileServer
INFO: Deposit failed MBC1000
Oct 27, 2017 8:46:46 PM Log.Log generateLogFileServer
INFO: Account created BCC1000
Oct 27, 2017 8:46:46 PM Log.Log generateLogFileServer
INFO: Account created BCC1001
Oct 27, 2017 8:46:46 PM Log.Log generateLogFileServer
INFO: Account created BCC1002
Oct 27, 2017 8:46:46 PM Log.Log generateLogFileServer
INFO: Account created BCC1003
Oct 27, 2017 8:46:46 PM Log.Log generateLogFileServer
INFO: Get account count
Oct 27, 2017 8:47:24 PM Log.Log generateLogFileServer
INFO: Deposit made for BCC1000
Oct 27, 2017 8:47:42 PM Log.Log generateLogFileServer
INFO: Deposit failed MBC1000
Oct 27, 2017 8:54:33 PM Log.Log generateLogFileServer
INFO: Account created BCC1000
Oct 27, 2017 8:54:33 PM Log.Log generateLogFileServer
INFO: Account created BCC1001
Oct 27, 2017 8:54:33 PM Log.Log generateLogFileServer
INFO: Account created BCC1002
Oct 27, 2017 8:54:33 PM Log.Log generateLogFileServer
INFO: Account created BCC1003
Oct 27, 2017 8:54:33 PM Log.Log generateLogFileServer
INFO: Get account count
Oct 27, 2017 9:19:39 PM Log.Log generateLogFileServer
INFO: Account created BCC1004
Oct 27, 2017 9:19:39 PM Log.Log generateLogFileServer
INFO: Account created BCC1005
Oct 27, 2017 9:19:39 PM Log.Log generateLogFileServer
INFO: Account created BCC1006
Oct 27, 2017 9:19:39 PM Log.Log generateLogFileServer
INFO: Account created BCC1007
Oct 27, 2017 9:19:39 PM Log.Log generateLogFileServer
INFO: Get account count
Oct 27, 2017 9:23:47 PM Log.Log generateLogFileServer
INFO: Account created BCC1008
Oct 27, 2017 9:23:47 PM Log.Log generateLogFileServer
INFO: Account created BCC1009
Oct 27, 2017 9:23:47 PM Log.Log generateLogFileServer
INFO: Account created BCC1010
Oct 27, 2017 9:23:47 PM Log.Log generateLogFileServer
INFO: Account created BCC1011
Oct 27, 2017 9:23:47 PM Log.Log generateLogFileServer
INFO: Get account count
Oct 27, 2017 9:25:14 PM Log.Log generateLogFileServer
INFO: Account created BCC1012
Oct 27, 2017 9:25:14 PM Log.Log generateLogFileServer
INFO: Account created BCC1013
Oct 27, 2017 9:25:14 PM Log.Log generateLogFileServer
INFO: Account created BCC1014
Oct 27, 2017 9:25:14 PM Log.Log generateLogFileServer
INFO: Account created BCC1015
Oct 27, 2017 9:25:14 PM Log.Log generateLogFileServer
INFO: Get account count
Oct 27, 2017 9:25:35 PM Log.Log generateLogFileServer
INFO: Deposit made for BCC1000
Oct 27, 2017 9:27:01 PM Log.Log generateLogFileServer
INFO: Account created BCC1016
Oct 27, 2017 9:27:01 PM Log.Log generateLogFileServer
INFO: Account created BCC1017
Oct 27, 2017 9:27:01 PM Log.Log generateLogFileServer
INFO: Account created BCC1018
Oct 27, 2017 9:27:01 PM Log.Log generateLogFileServer
INFO: Account created BCC1019
Oct 27, 2017 9:27:01 PM Log.Log generateLogFileServer
INFO: Get account count
Oct 27, 2017 9:27:24 PM Log.Log generateLogFileServer
INFO: Deposit failed MBC1000
Oct 27, 2017 9:29:03 PM Log.Log generateLogFileServer
INFO: Deposit failed MBC1000
Oct 27, 2017 9:45:42 PM Log.Log generateLogFileServer
INFO: Account created BCC1000
Oct 27, 2017 9:45:42 PM Log.Log generateLogFileServer
INFO: Account created BCC1001
Oct 27, 2017 9:45:42 PM Log.Log generateLogFileServer
INFO: Account created BCC1002
Oct 27, 2017 9:45:42 PM Log.Log generateLogFileServer
INFO: Account created BCC1003
Oct 27, 2017 9:45:42 PM Log.Log generateLogFileServer
INFO: Get account count
Oct 27, 2017 9:46:05 PM Log.Log generateLogFileServer
INFO: Account created BCC1004
Oct 27, 2017 9:46:05 PM Log.Log generateLogFileServer
INFO: Account created BCC1005
Oct 27, 2017 9:46:05 PM Log.Log generateLogFileServer
INFO: Account created BCC1006
Oct 27, 2017 9:46:05 PM Log.Log generateLogFileServer
INFO: Account created BCC1007
Oct 27, 2017 9:46:05 PM Log.Log generateLogFileServer
INFO: Get account count
Oct 27, 2017 9:47:44 PM Log.Log generateLogFileServer
INFO: Deposit made for BCC1000
Oct 27, 2017 9:48:48 PM Log.Log generateLogFileServer
INFO: Deposit failed MBC1000
Oct 27, 2017 9:52:23 PM Log.Log generateLogFileServer
INFO: Account created BCC1000
Oct 27, 2017 9:52:23 PM Log.Log generateLogFileServer
INFO: Account created BCC1001
Oct 27, 2017 9:52:23 PM Log.Log generateLogFileServer
INFO: Account created BCC1002
Oct 27, 2017 9:52:23 PM Log.Log generateLogFileServer
INFO: Account created BCC1003
Oct 27, 2017 9:52:23 PM Log.Log generateLogFileServer
INFO: Get account count
Oct 29, 2017 3:15:41 PM Log.Log generateLogFileServer
INFO: Account created BCC1000
Oct 29, 2017 3:15:41 PM Log.Log generateLogFileServer
INFO: Account created BCC1001
Oct 29, 2017 3:15:41 PM Log.Log generateLogFileServer
INFO: Account created BCC1002
Oct 29, 2017 3:15:41 PM Log.Log generateLogFileServer
INFO: Account created BCC1003
Oct 29, 2017 3:16:04 PM Log.Log generateLogFileServer
INFO: Account created BCC1004
Oct 29, 2017 3:16:04 PM Log.Log generateLogFileServer
INFO: Account created BCC1005
Oct 29, 2017 3:16:04 PM Log.Log generateLogFileServer
INFO: Account created BCC1006
Oct 29, 2017 3:16:04 PM Log.Log generateLogFileServer
INFO: Account created BCC1007
Oct 29, 2017 3:17:06 PM Log.Log generateLogFileServer
INFO: Account created BCC1000
Oct 29, 2017 3:17:06 PM Log.Log generateLogFileServer
INFO: Account created BCC1001
Oct 29, 2017 3:17:06 PM Log.Log generateLogFileServer
INFO: Account created BCC1002
Oct 29, 2017 3:17:06 PM Log.Log generateLogFileServer
INFO: Account created BCC1003
Oct 29, 2017 3:17:06 PM Log.Log generateLogFileServer
INFO: Get account count
Oct 29, 2017 3:18:30 PM Log.Log generateLogFileServer
INFO: Deposit made for BCC1000
Oct 29, 2017 3:19:02 PM Log.Log generateLogFileServer
INFO: Get balance for BCC1000
Oct 29, 2017 7:52:57 PM Log.Log generateLogFileServer
INFO: Account created BCC1000
Oct 29, 2017 7:52:57 PM Log.Log generateLogFileServer
INFO: Account created BCC1001
Oct 29, 2017 7:52:57 PM Log.Log generateLogFileServer
INFO: Account created BCC1002
Oct 29, 2017 7:52:57 PM Log.Log generateLogFileServer
INFO: Account created BCC1003
Oct 29, 2017 7:52:57 PM Log.Log generateLogFileServer
INFO: Get account count
Oct 29, 2017 8:55:01 PM Log.Log generateLogFileServer
INFO: Account created BCC1000
Oct 29, 2017 8:55:01 PM Log.Log generateLogFileServer
INFO: Account created BCC1001
Oct 29, 2017 8:55:01 PM Log.Log generateLogFileServer
INFO: Account created BCC1002
Oct 29, 2017 8:55:01 PM Log.Log generateLogFileServer
INFO: Account created BCC1003
Oct 29, 2017 8:55:01 PM Log.Log generateLogFileServer
INFO: Get account count
Oct 29, 2017 8:55:37 PM Log.Log generateLogFileServer
INFO: Deposit made for BCC1000
Oct 29, 2017 8:55:51 PM Log.Log generateLogFileServer
INFO: Get balance for BCC1000
Nov 01, 2017 1:44:08 PM Log.Log generateLogFileServer
INFO: Account created saC1000
Nov 01, 2017 1:46:14 PM Log.Log generateLogFileServer
INFO: Account created BCC1000
Nov 01, 2017 2:06:03 PM Log.Log generateLogFileServer
INFO: Account created BCC1000
Nov 01, 2017 2:06:03 PM Log.Log generateLogFileServer
INFO: Field name change for BCC1000
Nov 01, 2017 2:12:27 PM Log.Log generateLogFileServer
INFO: Account created BCC1000
Nov 01, 2017 2:12:27 PM Log.Log generateLogFileServer
INFO: Field name change for BCC1000
Nov 01, 2017 2:12:38 PM Log.Log generateLogFileServer
INFO: Account created BCC1000
Nov 01, 2017 2:12:38 PM Log.Log generateLogFileServer
INFO: Field name change for BCC1000
Nov 01, 2017 2:17:53 PM Log.Log generateLogFileServer
INFO: Account created BCC1000
Nov 01, 2017 2:17:53 PM Log.Log generateLogFileServer
INFO: Account created BCC1001
Nov 01, 2017 2:17:53 PM Log.Log generateLogFileServer
INFO: Account created BCC1002
Nov 01, 2017 2:17:53 PM Log.Log generateLogFileServer
INFO: Account created BCC1003
Nov 01, 2017 2:17:53 PM Log.Log generateLogFileServer
INFO: Get account count
Nov 01, 2017 2:17:58 PM Log.Log generateLogFileServer
INFO: Account created BCC1000
Nov 01, 2017 2:17:58 PM Log.Log generateLogFileServer
INFO: Field name change for BCC1000
Nov 01, 2017 2:18:21 PM Log.Log generateLogFileServer
INFO: Get account count
Nov 01, 2017 2:18:21 PM Log.Log generateLogFileServer
INFO: Account created BCC1000
Nov 01, 2017 2:18:21 PM Log.Log generateLogFileServer
INFO: Field name change for BCC1000
Nov 01, 2017 2:21:03 PM Log.Log generateLogFileServer
INFO: Get account count
Nov 01, 2017 2:21:03 PM Log.Log generateLogFileServer
INFO: Account created BCC1000
Nov 01, 2017 2:21:04 PM Log.Log generateLogFileServer
INFO: Field name change for BCC1000
Nov 01, 2017 2:57:17 PM Log.Log generateLogFileServer
INFO: Get account count
Nov 01, 2017 2:57:17 PM Log.Log generateLogFileServer
INFO: Deposit failed BCC1000
Nov 01, 2017 2:57:17 PM Log.Log generateLogFileServer
INFO: Account created BCC1000
Nov 01, 2017 2:57:17 PM Log.Log generateLogFileServer
INFO: Account created BCC1001
Nov 01, 2017 2:57:17 PM Log.Log generateLogFileServer
INFO: Deposit made for BCC1000
Nov 01, 2017 2:57:17 PM Log.Log generateLogFileServer
INFO: Field name change for BCC1000
Nov 01, 2017 2:58:27 PM Log.Log generateLogFileServer
INFO: Deposit failed BCC1000
Nov 01, 2017 2:58:49 PM Log.Log generateLogFileServer
INFO: Account created BCC1000
Nov 01, 2017 2:58:49 PM Log.Log generateLogFileServer
INFO: Account created BCC1001
Nov 01, 2017 2:58:49 PM Log.Log generateLogFileServer
INFO: Account created BCC1002
Nov 01, 2017 2:58:49 PM Log.Log generateLogFileServer
INFO: Account created BCC1003
Nov 01, 2017 2:58:49 PM Log.Log generateLogFileServer
INFO: Get account count
Nov 01, 2017 2:58:54 PM Log.Log generateLogFileServer
INFO: Get account count
Nov 01, 2017 2:58:54 PM Log.Log generateLogFileServer
INFO: Deposit failed BCC1000
Nov 01, 2017 2:58:54 PM Log.Log generateLogFileServer
INFO: Account created BCC1000
Nov 01, 2017 2:58:54 PM Log.Log generateLogFileServer
INFO: Account created BCC1001
Nov 01, 2017 2:58:54 PM Log.Log generateLogFileServer
INFO: Deposit made for BCC1000
Nov 01, 2017 2:58:54 PM Log.Log generateLogFileServer
INFO: Field name change for BCC1000
Nov 01, 2017 2:59:20 PM Log.Log generateLogFileServer
INFO: Deposit failed BCC1000
Nov 01, 2017 2:59:57 PM Log.Log generateLogFileServer
INFO: Deposit failed BCC1000
Nov 01, 2017 3:00:25 PM Log.Log generateLogFileServer
INFO: Get account count
Nov 01, 2017 3:00:25 PM Log.Log generateLogFileServer
INFO: Deposit failed BCC1000
Nov 01, 2017 3:00:25 PM Log.Log generateLogFileServer
INFO: Account created BCC1000
Nov 01, 2017 3:00:25 PM Log.Log generateLogFileServer
INFO: Account created BCC1001
Nov 01, 2017 3:00:25 PM Log.Log generateLogFileServer
INFO: Deposit made for BCC1000
Nov 01, 2017 3:00:25 PM Log.Log generateLogFileServer
INFO: Field name change for BCC1000
Nov 01, 2017 3:00:55 PM Log.Log generateLogFileServer
INFO: Get account count
Nov 01, 2017 3:00:55 PM Log.Log generateLogFileServer
INFO: Deposit failed BCC1000
Nov 01, 2017 3:00:55 PM Log.Log generateLogFileServer
INFO: Account created BCC1000
Nov 01, 2017 3:00:55 PM Log.Log generateLogFileServer
INFO: Account created BCC1001
Nov 01, 2017 3:00:55 PM Log.Log generateLogFileServer
INFO: Deposit made for BCC1000
Nov 01, 2017 3:00:55 PM Log.Log generateLogFileServer
INFO: Field name change for BCC1000
Nov 01, 2017 3:01:04 PM Log.Log generateLogFileServer
INFO: Get account count
Nov 01, 2017 3:01:04 PM Log.Log generateLogFileServer
INFO: Deposit failed BCC1000
Nov 01, 2017 3:01:04 PM Log.Log generateLogFileServer
INFO: Account created BCC1000
Nov 01, 2017 3:01:04 PM Log.Log generateLogFileServer
INFO: Account created BCC1001
Nov 01, 2017 3:01:04 PM Log.Log generateLogFileServer
INFO: Deposit made for BCC1000
Nov 01, 2017 3:01:05 PM Log.Log generateLogFileServer
INFO: Field name change for BCC1000
Nov 01, 2017 3:01:20 PM Log.Log generateLogFileServer
INFO: Get account count
Nov 01, 2017 3:01:55 PM Log.Log generateLogFileServer
INFO: Deposit failed BCC1000
Nov 01, 2017 3:02:08 PM Log.Log generateLogFileServer
INFO: Get account count
Nov 01, 2017 3:02:54 PM Log.Log generateLogFileServer
INFO: Deposit failed BCC1000
Nov 01, 2017 3:03:10 PM Log.Log generateLogFileServer
INFO: Account created BCC1000
Nov 01, 2017 3:03:10 PM Log.Log generateLogFileServer
INFO: Account created BCC1001
Nov 01, 2017 3:03:15 PM Log.Log generateLogFileServer
INFO: Deposit made for BCC1000
Nov 01, 2017 3:03:15 PM Log.Log generateLogFileServer
INFO: Field name change for BCC1000
Nov 01, 2017 3:03:17 PM Log.Log generateLogFileServer
INFO: Account created BCC1000
Nov 01, 2017 3:03:17 PM Log.Log generateLogFileServer
INFO: Account created BCC1001
Nov 01, 2017 3:03:17 PM Log.Log generateLogFileServer
INFO: Deposit made for BCC1000
Nov 01, 2017 3:03:17 PM Log.Log generateLogFileServer
INFO: Field name change for BCC1000
Nov 01, 2017 3:03:19 PM Log.Log generateLogFileServer
INFO: Get account count
Nov 01, 2017 3:03:50 PM Log.Log generateLogFileServer
INFO: Get account count
Nov 01, 2017 3:03:50 PM Log.Log generateLogFileServer
INFO: Customer doesnt exist BCC1000
Nov 01, 2017 3:03:50 PM Log.Log generateLogFileServer
INFO: Account created BCC1000
Nov 01, 2017 3:03:50 PM Log.Log generateLogFileServer
INFO: Account created BCC1001
Nov 01, 2017 3:03:50 PM Log.Log generateLogFileServer
INFO: Deposit made for BCC1000
Nov 01, 2017 3:03:50 PM Log.Log generateLogFileServer
INFO: Field name change for BCC1000
Nov 01, 2017 3:03:59 PM Log.Log generateLogFileServer
INFO: Deposit failed BCC1000
Nov 01, 2017 3:03:59 PM Log.Log generateLogFileServer
INFO: Account created BCC1000
Nov 01, 2017 3:03:59 PM Log.Log generateLogFileServer
INFO: Account created BCC1001
Nov 01, 2017 3:03:59 PM Log.Log generateLogFileServer
INFO: Deposit made for BCC1000
Nov 01, 2017 3:03:59 PM Log.Log generateLogFileServer
INFO: Field name change for BCC1000
Nov 01, 2017 3:04:07 PM Log.Log generateLogFileServer
INFO: Get account count
Nov 01, 2017 3:04:54 PM Log.Log generateLogFileServer
INFO: Customer doesnt exist BCC1000
Nov 01, 2017 3:04:59 PM Log.Log generateLogFileServer
INFO: Account created BCC1000
Nov 01, 2017 3:04:59 PM Log.Log generateLogFileServer
INFO: Account created BCC1001
Nov 01, 2017 3:04:59 PM Log.Log generateLogFileServer
INFO: Deposit made for BCC1000
Nov 01, 2017 3:04:59 PM Log.Log generateLogFileServer
INFO: Field name change for BCC1000
Nov 01, 2017 3:05:19 PM Log.Log generateLogFileServer
INFO: Get account count
Nov 01, 2017 3:05:19 PM Log.Log generateLogFileServer
INFO: Customer doesnt exist BCC1000
Nov 01, 2017 3:05:19 PM Log.Log generateLogFileServer
INFO: Account created BCC1000
Nov 01, 2017 3:05:19 PM Log.Log generateLogFileServer
INFO: Account created BCC1001
Nov 01, 2017 3:06:01 PM Log.Log generateLogFileServer
INFO: Deposit made for BCC1000
Nov 01, 2017 3:06:17 PM Log.Log generateLogFileServer
INFO: Field name change for BCC1000
Nov 01, 2017 3:06:22 PM Log.Log generateLogFileServer
INFO: Get account count
Nov 01, 2017 3:06:22 PM Log.Log generateLogFileServer
INFO: Customer doesnt exist BCC1000
Nov 01, 2017 3:06:22 PM Log.Log generateLogFileServer
INFO: Account created BCC1000
Nov 01, 2017 3:06:22 PM Log.Log generateLogFileServer
INFO: Account created BCC1001
Nov 01, 2017 3:06:22 PM Log.Log generateLogFileServer
INFO: Deposit made for BCC1000
Nov 01, 2017 3:06:22 PM Log.Log generateLogFileServer
INFO: Field name change for BCC1000
Nov 01, 2017 3:07:50 PM Log.Log generateLogFileServer
INFO: Deposit failed BCC1000
Nov 01, 2017 3:08:02 PM Log.Log generateLogFileServer
INFO: Account created BCC1000
Nov 01, 2017 3:08:02 PM Log.Log generateLogFileServer
INFO: Account created BCC1001
Nov 01, 2017 3:09:05 PM Log.Log generateLogFileServer
INFO: Account created BCC1000
Nov 01, 2017 3:09:05 PM Log.Log generateLogFileServer
INFO: Account created BCC1001
Nov 01, 2017 3:09:12 PM Log.Log generateLogFileServer
INFO: Get account count
Nov 01, 2017 3:09:12 PM Log.Log generateLogFileServer
INFO: Customer doesnt exist BCC1000
Nov 01, 2017 3:09:12 PM Log.Log generateLogFileServer
INFO: Account created BCC1000
Nov 01, 2017 3:09:12 PM Log.Log generateLogFileServer
INFO: Account created BCC1001
Nov 01, 2017 3:09:12 PM Log.Log generateLogFileServer
INFO: Deposit made for BCC1000
Nov 01, 2017 3:09:12 PM Log.Log generateLogFileServer
INFO: Field name change for BCC1000
Nov 01, 2017 3:19:08 PM Log.Log generateLogFileServer
INFO: Account created BCC1000
Nov 01, 2017 3:19:08 PM Log.Log generateLogFileServer
INFO: Account created BCC1001
Nov 01, 2017 3:19:08 PM Log.Log generateLogFileServer
INFO: Get balance for BCC1000
Nov 01, 2017 3:19:08 PM Log.Log generateLogFileServer
INFO: Account created BCC1002
Nov 01, 2017 3:19:08 PM Log.Log generateLogFileServer
INFO: Account created BCC1003
Nov 01, 2017 3:19:08 PM Log.Log generateLogFileServer
INFO: Get account count
Nov 01, 2017 3:19:08 PM Log.Log generateLogFileServer
INFO: Account created BCC1004
Nov 01, 2017 3:19:08 PM Log.Log generateLogFileServer
INFO: Account created BCC1005
Nov 01, 2017 3:19:08 PM Log.Log generateLogFileServer
INFO: Withdraw  BCC1000
Nov 01, 2017 3:19:08 PM Log.Log generateLogFileServer
INFO: Account created BCC1006
Nov 01, 2017 3:19:08 PM Log.Log generateLogFileServer
INFO: Account created BCC1007
Nov 01, 2017 3:19:08 PM Log.Log generateLogFileServer
INFO: Get balance for BCC1000
Nov 01, 2017 3:19:08 PM Log.Log generateLogFileServer
INFO: Account created BCC1008
Nov 01, 2017 3:19:08 PM Log.Log generateLogFileServer
INFO: Account created BCC1009
Nov 01, 2017 3:19:08 PM Log.Log generateLogFileServer
INFO: Deposit made for BCC1000
Nov 01, 2017 3:19:08 PM Log.Log generateLogFileServer
INFO: Account created BCC1010
Nov 01, 2017 3:19:08 PM Log.Log generateLogFileServer
INFO: Account created BCC1011
Nov 01, 2017 3:19:08 PM Log.Log generateLogFileServer
INFO: Field name change for BCC1000
Nov 01, 2017 3:20:36 PM Log.Log generateLogFileServer
INFO: Account created BCC1000
Nov 01, 2017 3:20:36 PM Log.Log generateLogFileServer
INFO: Account created BCC1001
Nov 01, 2017 3:20:36 PM Log.Log generateLogFileServer
INFO: Get balance for BCC1000
Nov 01, 2017 3:20:36 PM Log.Log generateLogFileServer
INFO: Account created BCC1002
Nov 01, 2017 3:20:36 PM Log.Log generateLogFileServer
INFO: Account created BCC1003
Nov 01, 2017 3:20:36 PM Log.Log generateLogFileServer
INFO: Get account count
Nov 01, 2017 3:20:36 PM Log.Log generateLogFileServer
INFO: Account created BCC1004
Nov 01, 2017 3:20:36 PM Log.Log generateLogFileServer
INFO: Account created BCC1005
Nov 01, 2017 3:20:36 PM Log.Log generateLogFileServer
INFO: Withdraw  BCC1000
Nov 01, 2017 3:20:36 PM Log.Log generateLogFileServer
INFO: Account created BCC1006
Nov 01, 2017 3:20:36 PM Log.Log generateLogFileServer
INFO: Account created BCC1007
Nov 01, 2017 3:20:36 PM Log.Log generateLogFileServer
INFO: Get balance for BCC1000
Nov 01, 2017 3:20:36 PM Log.Log generateLogFileServer
INFO: Account created BCC1008
Nov 01, 2017 3:20:36 PM Log.Log generateLogFileServer
INFO: Account created BCC1009
Nov 01, 2017 3:20:36 PM Log.Log generateLogFileServer
INFO: Deposit made for BCC1000
Nov 01, 2017 3:20:36 PM Log.Log generateLogFileServer
INFO: Account created BCC1010
Nov 01, 2017 3:20:36 PM Log.Log generateLogFileServer
INFO: Account created BCC1011
Nov 01, 2017 3:20:36 PM Log.Log generateLogFileServer
INFO: Field name change for BCC1000
Nov 01, 2017 3:22:08 PM Log.Log generateLogFileServer
INFO: Deposit failed BCC1000
Nov 01, 2017 3:22:08 PM Log.Log generateLogFileServer
INFO: Deposit failed BCC1000
Nov 01, 2017 3:22:08 PM Log.Log generateLogFileServer
INFO: Deposit failed BCC1000
Nov 01, 2017 3:22:08 PM Log.Log generateLogFileServer
INFO: Deposit failed BCC1000
Nov 01, 2017 3:22:08 PM Log.Log generateLogFileServer
INFO: Deposit failed BCC1000
Nov 01, 2017 3:25:55 PM Log.Log generateLogFileServer
INFO: Account created BCC1000
Nov 01, 2017 3:25:55 PM Log.Log generateLogFileServer
INFO: Account created BCC1001
Nov 01, 2017 3:25:55 PM Log.Log generateLogFileServer
INFO: Deposit made for BCC1000
Nov 01, 2017 3:25:55 PM Log.Log generateLogFileServer
INFO: Get balance for BCC1000
Nov 01, 2017 3:25:56 PM Log.Log generateLogFileServer
INFO: Manager Autocalled transfer money for BCC1000to QCC1001
Nov 01, 2017 3:25:56 PM Log.Log generateLogFileServer
INFO: Get balance for BCC1000
Nov 01, 2017 3:25:56 PM Log.Log generateLogFileServer
INFO: Deposit made for BCC1000
Nov 01, 2017 3:25:56 PM Log.Log generateLogFileServer
INFO: Get account count
Nov 01, 2017 3:25:56 PM Log.Log generateLogFileServer
INFO: Get balance for BCC1000
Nov 01, 2017 3:25:56 PM Log.Log generateLogFileServer
INFO: Deposit made for BCC1000
Nov 01, 2017 3:25:56 PM Log.Log generateLogFileServer
INFO: Withdraw  BCC1000
Nov 01, 2017 3:25:56 PM Log.Log generateLogFileServer
INFO: Get balance for BCC1000
Nov 01, 2017 3:25:56 PM Log.Log generateLogFileServer
INFO: Deposit made for BCC1000
Nov 01, 2017 3:25:56 PM Log.Log generateLogFileServer
INFO: Field name change for BCC1000
Nov 01, 2017 3:25:56 PM Log.Log generateLogFileServer
INFO: Get balance for BCC1000
Nov 01, 2017 3:27:16 PM Log.Log generateLogFileServer
INFO: Account created BCC1000
Nov 01, 2017 3:27:16 PM Log.Log generateLogFileServer
INFO: Account created BCC1001
Nov 01, 2017 3:27:16 PM Log.Log generateLogFileServer
INFO: Deposit made for BCC1000
Nov 01, 2017 3:27:16 PM Log.Log generateLogFileServer
INFO: Get balance for BCC1000
Nov 01, 2017 3:27:16 PM Log.Log generateLogFileServer
INFO: Manager Autocalled transfer money for BCC1000to QCC1001
Nov 01, 2017 3:27:16 PM Log.Log generateLogFileServer
INFO: Deposit made for BCC1000
Nov 01, 2017 3:27:16 PM Log.Log generateLogFileServer
INFO: Get account count
Nov 01, 2017 3:27:16 PM Log.Log generateLogFileServer
INFO: Deposit made for BCC1000
Nov 01, 2017 3:27:16 PM Log.Log generateLogFileServer
INFO: Withdraw  BCC1000
Nov 01, 2017 3:27:16 PM Log.Log generateLogFileServer
INFO: Deposit made for BCC1000
Nov 01, 2017 3:27:16 PM Log.Log generateLogFileServer
INFO: Field name change for BCC1000
Nov 01, 2017 3:27:16 PM Log.Log generateLogFileServer
INFO: Get balance for BCC1000
Nov 01, 2017 3:28:00 PM Log.Log generateLogFileServer
INFO: Account created BCC1000
Nov 01, 2017 3:28:00 PM Log.Log generateLogFileServer
INFO: Account created BCC1001
Nov 01, 2017 3:28:00 PM Log.Log generateLogFileServer
INFO: Deposit made for BCC1000
Nov 01, 2017 3:28:00 PM Log.Log generateLogFileServer
INFO: Get balance for BCC1000
Nov 01, 2017 3:28:00 PM Log.Log generateLogFileServer
INFO: Deposit failed BCC1001
Nov 01, 2017 3:28:00 PM Log.Log generateLogFileServer
INFO: Manager Autocalled transfer money for BCC1000to BCC1001
Nov 01, 2017 3:28:00 PM Log.Log generateLogFileServer
INFO: Deposit made for BCC1000
Nov 01, 2017 3:28:00 PM Log.Log generateLogFileServer
INFO: Get account count
Nov 01, 2017 3:28:00 PM Log.Log generateLogFileServer
INFO: Deposit made for BCC1000
Nov 01, 2017 3:28:00 PM Log.Log generateLogFileServer
INFO: Withdraw  BCC1000
Nov 01, 2017 3:28:00 PM Log.Log generateLogFileServer
INFO: Deposit made for BCC1000
Nov 01, 2017 3:28:00 PM Log.Log generateLogFileServer
INFO: Field name change for BCC1000
Nov 01, 2017 3:28:00 PM Log.Log generateLogFileServer
INFO: Get balance for BCC1000
Nov 01, 2017 3:29:23 PM Log.Log generateLogFileServer
INFO: Account created BCC1000
Nov 01, 2017 3:29:23 PM Log.Log generateLogFileServer
INFO: Account created BCC1001
Nov 01, 2017 3:29:23 PM Log.Log generateLogFileServer
INFO: Deposit made for BCC1000
Nov 01, 2017 3:29:23 PM Log.Log generateLogFileServer
INFO: Get account count
Nov 01, 2017 3:29:23 PM Log.Log generateLogFileServer
INFO: Get balance for BCC1000
Nov 01, 2017 3:29:23 PM Log.Log generateLogFileServer
INFO: Deposit failed BCC1001
Nov 01, 2017 3:29:23 PM Log.Log generateLogFileServer
INFO: Manager Autocalled transfer money for BCC1000to BCC1001
Nov 01, 2017 3:29:23 PM Log.Log generateLogFileServer
INFO: Deposit made for BCC1000
Nov 01, 2017 3:29:23 PM Log.Log generateLogFileServer
INFO: Withdraw  BCC1000
Nov 01, 2017 3:29:23 PM Log.Log generateLogFileServer
INFO: Get balance for BCC1000
Nov 01, 2017 3:29:23 PM Log.Log generateLogFileServer
INFO: Deposit failed BCC1001
Nov 01, 2017 3:29:23 PM Log.Log generateLogFileServer
INFO: Manager Autocalled transfer money for BCC1000to BCC1001
Nov 01, 2017 3:29:23 PM Log.Log generateLogFileServer
INFO: Deposit made for BCC1000
Nov 01, 2017 3:29:23 PM Log.Log generateLogFileServer
INFO: Field name change for BCC1000
Nov 01, 2017 3:29:23 PM Log.Log generateLogFileServer
INFO: Get balance for BCC1000
Nov 01, 2017 3:29:23 PM Log.Log generateLogFileServer
INFO: Deposit failed BCC1001
Nov 01, 2017 3:29:23 PM Log.Log generateLogFileServer
INFO: Manager Autocalled transfer money for BCC1000to BCC1001
Nov 01, 2017 3:29:23 PM Log.Log generateLogFileServer
INFO: Get balance for BCC1000
Nov 01, 2017 3:34:03 PM Log.Log generateLogFileServer
INFO: Account created BCC1000
Nov 01, 2017 3:34:03 PM Log.Log generateLogFileServer
INFO: Account created BCC1001
Nov 01, 2017 3:34:03 PM Log.Log generateLogFileServer
INFO: Get balance for BCC1000
Nov 01, 2017 3:34:03 PM Log.Log generateLogFileServer
INFO: Get account count
Nov 01, 2017 3:34:03 PM Log.Log generateLogFileServer
INFO: Withdraw  BCC1000
Nov 01, 2017 3:34:03 PM Log.Log generateLogFileServer
INFO: Deposit made for BCC1000
Nov 01, 2017 3:34:03 PM Log.Log generateLogFileServer
INFO: Field name change for BCC1000
Nov 01, 2017 3:34:03 PM Log.Log generateLogFileServer
INFO: Get balance for BCC1000
Nov 01, 2017 3:35:20 PM Log.Log generateLogFileServer
INFO: Account created BCC1000
Nov 01, 2017 3:35:20 PM Log.Log generateLogFileServer
INFO: Account created BCC1001
Nov 01, 2017 3:35:20 PM Log.Log generateLogFileServer
INFO: Deposit made for BCC1000
Nov 01, 2017 3:35:20 PM Log.Log generateLogFileServer
INFO: Get account count
Nov 01, 2017 3:35:20 PM Log.Log generateLogFileServer
INFO: Get balance for BCC1000
Nov 01, 2017 3:35:20 PM Log.Log generateLogFileServer
INFO: Deposit failed BCC1001
Nov 01, 2017 3:35:20 PM Log.Log generateLogFileServer
INFO: Manager Autocalled transfer money for BCC1000to BCC1001
Nov 01, 2017 3:35:20 PM Log.Log generateLogFileServer
INFO: Deposit made for BCC1000
Nov 01, 2017 3:35:20 PM Log.Log generateLogFileServer
INFO: Withdraw  BCC1000
Nov 01, 2017 3:35:20 PM Log.Log generateLogFileServer
INFO: Get balance for BCC1000
Nov 01, 2017 3:35:20 PM Log.Log generateLogFileServer
INFO: Deposit failed BCC1001
Nov 01, 2017 3:35:20 PM Log.Log generateLogFileServer
INFO: Manager Autocalled transfer money for BCC1000to BCC1001
Nov 01, 2017 3:35:20 PM Log.Log generateLogFileServer
INFO: Deposit made for BCC1000
Nov 01, 2017 3:35:20 PM Log.Log generateLogFileServer
INFO: Field name change for BCC1000
Nov 01, 2017 3:35:21 PM Log.Log generateLogFileServer
INFO: Get balance for BCC1000
Nov 01, 2017 3:35:21 PM Log.Log generateLogFileServer
INFO: Deposit failed BCC1001
Nov 01, 2017 3:35:21 PM Log.Log generateLogFileServer
INFO: Manager Autocalled transfer money for BCC1000to BCC1001
Nov 01, 2017 3:35:21 PM Log.Log generateLogFileServer
INFO: Get balance for BCC1000
Nov 01, 2017 3:44:38 PM Log.Log generateLogFileServer
INFO: Deposit failed BCC1000
Nov 01, 2017 3:44:38 PM Log.Log generateLogFileServer
INFO: Deposit failed BCC1000
Nov 01, 2017 3:44:38 PM Log.Log generateLogFileServer
INFO: Deposit failed BCC1000
Nov 01, 2017 3:45:09 PM Log.Log generateLogFileServer
INFO: Account created BCC1000
Nov 01, 2017 3:45:09 PM Log.Log generateLogFileServer
INFO: Account created BCC1001
Nov 01, 2017 3:45:09 PM Log.Log generateLogFileServer
INFO: Deposit made for BCC1000
Nov 01, 2017 3:45:09 PM Log.Log generateLogFileServer
INFO: Get account count
Nov 01, 2017 3:45:09 PM Log.Log generateLogFileServer
INFO: Get balance for BCC1000
Nov 01, 2017 3:45:09 PM Log.Log generateLogFileServer
INFO: Deposit failed BCC1001
Nov 01, 2017 3:45:09 PM Log.Log generateLogFileServer
INFO: Manager Autocalled transfer money for BCC1000to BCC1001
Nov 01, 2017 3:45:09 PM Log.Log generateLogFileServer
INFO: Get balance for BCC1000
Nov 01, 2017 3:45:09 PM Log.Log generateLogFileServer
INFO: Deposit made for BCC1000
Nov 01, 2017 3:45:09 PM Log.Log generateLogFileServer
INFO: Withdraw  BCC1000
Nov 01, 2017 3:45:09 PM Log.Log generateLogFileServer
INFO: Get balance for BCC1000
Nov 01, 2017 3:45:09 PM Log.Log generateLogFileServer
INFO: Deposit failed BCC1001
Nov 01, 2017 3:45:09 PM Log.Log generateLogFileServer
INFO: Manager Autocalled transfer money for BCC1000to BCC1001
Nov 01, 2017 3:45:09 PM Log.Log generateLogFileServer
INFO: Get balance for BCC1000
Nov 01, 2017 3:45:09 PM Log.Log generateLogFileServer
INFO: Deposit made for BCC1000
Nov 01, 2017 3:45:09 PM Log.Log generateLogFileServer
INFO: Field name change for BCC1000
Nov 01, 2017 3:45:09 PM Log.Log generateLogFileServer
INFO: Get balance for BCC1000
Nov 01, 2017 3:45:09 PM Log.Log generateLogFileServer
INFO: Deposit failed BCC1001
Nov 01, 2017 3:45:09 PM Log.Log generateLogFileServer
INFO: Manager Autocalled transfer money for BCC1000to BCC1001
Nov 01, 2017 3:45:09 PM Log.Log generateLogFileServer
INFO: Get balance for BCC1000
Nov 01, 2017 3:45:59 PM Log.Log generateLogFileServer
INFO: Account created BCC1000
Nov 01, 2017 3:45:59 PM Log.Log generateLogFileServer
INFO: Account created BCC1001
Nov 01, 2017 3:45:59 PM Log.Log generateLogFileServer
INFO: Deposit made for BCC1000
Nov 02, 2017 12:36:28 PM Log.Log generateLogFileServer
INFO: Account created BCC1000
Nov 02, 2017 12:36:28 PM Log.Log generateLogFileServer
INFO: Account created BCC1001
Nov 02, 2017 12:36:28 PM Log.Log generateLogFileServer
INFO: Deposit made for BCC1000
Nov 02, 2017 12:36:28 PM Log.Log generateLogFileServer
INFO: Get balance for BCC1000
Nov 02, 2017 12:36:28 PM Log.Log generateLogFileServer
INFO: Deposit failed BCC1001
Nov 02, 2017 12:36:28 PM Log.Log generateLogFileServer
INFO: Manager Autocalled transfer money for BCC1000to BCC1001
Nov 02, 2017 12:36:28 PM Log.Log generateLogFileServer
INFO: Get account count
Nov 02, 2017 12:36:28 PM Log.Log generateLogFileServer
INFO: Account created BCC1002
Nov 02, 2017 12:36:28 PM Log.Log generateLogFileServer
INFO: Deposit made for BCC1000
Nov 02, 2017 12:36:28 PM Log.Log generateLogFileServer
INFO: Withdraw  BCC1000
Nov 02, 2017 12:36:28 PM Log.Log generateLogFileServer
INFO: Account created BCC1003
Nov 02, 2017 12:36:28 PM Log.Log generateLogFileServer
INFO: Deposit made for BCC1000
Nov 02, 2017 12:36:28 PM Log.Log generateLogFileServer
INFO: Get balance for BCC1000
Nov 02, 2017 12:36:28 PM Log.Log generateLogFileServer
INFO: Account created BCC1004
Nov 02, 2017 12:36:28 PM Log.Log generateLogFileServer
INFO: Account created BCC1005
Nov 02, 2017 12:36:28 PM Log.Log generateLogFileServer
INFO: Account created BCC1006
Nov 02, 2017 12:36:28 PM Log.Log generateLogFileServer
INFO: Deposit made for BCC1000
Nov 02, 2017 12:36:28 PM Log.Log generateLogFileServer
INFO: Account created BCC1007
Nov 02, 2017 12:36:28 PM Log.Log generateLogFileServer
INFO: Field name change for BCC1000
Nov 02, 2017 12:37:35 PM Log.Log generateLogFileServer
INFO: Account created BCC1000
Nov 02, 2017 12:37:35 PM Log.Log generateLogFileServer
INFO: Account created BCC1001
Nov 02, 2017 12:37:35 PM Log.Log generateLogFileServer
INFO: Deposit made for BCC1000
Nov 02, 2017 12:37:35 PM Log.Log generateLogFileServer
INFO: Get balance for BCC1000
Nov 02, 2017 12:37:35 PM Log.Log generateLogFileServer
INFO: Deposit failed BCC1001
Nov 02, 2017 12:37:35 PM Log.Log generateLogFileServer
INFO: Manager Autocalled transfer money for BCC1000to BCC1001
Nov 02, 2017 12:37:35 PM Log.Log generateLogFileServer
INFO: Get account count
Nov 02, 2017 12:37:35 PM Log.Log generateLogFileServer
INFO: Account created BCC1002
Nov 02, 2017 12:37:35 PM Log.Log generateLogFileServer
INFO: Deposit made for BCC1000
Nov 02, 2017 12:37:35 PM Log.Log generateLogFileServer
INFO: Withdraw  BCC1000
Nov 02, 2017 12:37:35 PM Log.Log generateLogFileServer
INFO: Account created BCC1003
Nov 02, 2017 12:37:35 PM Log.Log generateLogFileServer
INFO: Deposit made for BCC1000
Nov 02, 2017 12:37:35 PM Log.Log generateLogFileServer
INFO: Get balance for BCC1000
Nov 02, 2017 12:37:35 PM Log.Log generateLogFileServer
INFO: Account created BCC1004
Nov 02, 2017 12:37:35 PM Log.Log generateLogFileServer
INFO: Account created BCC1005
Nov 02, 2017 12:37:35 PM Log.Log generateLogFileServer
INFO: Account created BCC1006
Nov 02, 2017 12:37:35 PM Log.Log generateLogFileServer
INFO: Deposit made for BCC1000
Nov 02, 2017 12:37:35 PM Log.Log generateLogFileServer
INFO: Account created BCC1007
Nov 02, 2017 12:37:35 PM Log.Log generateLogFileServer
INFO: Field name change for BCC1000
Nov 02, 2017 12:39:08 PM Log.Log generateLogFileServer
INFO: Account created BCC1000
Nov 02, 2017 12:39:08 PM Log.Log generateLogFileServer
INFO: Account created BCC1001
Nov 02, 2017 12:39:08 PM Log.Log generateLogFileServer
INFO: Deposit made for BCC1000
Nov 02, 2017 12:39:08 PM Log.Log generateLogFileServer
INFO: Get balance for BCC1000
Nov 02, 2017 12:39:08 PM Log.Log generateLogFileServer
INFO: Deposit failed BCC1001
Nov 02, 2017 12:39:08 PM Log.Log generateLogFileServer
INFO: Manager Autocalled transfer money for BCC1000to BCC1001
Nov 02, 2017 12:39:08 PM Log.Log generateLogFileServer
INFO: Get account count
Nov 02, 2017 12:39:08 PM Log.Log generateLogFileServer
INFO: Account created BCC1002
Nov 02, 2017 12:39:08 PM Log.Log generateLogFileServer
INFO: Deposit made for BCC1000
Nov 02, 2017 12:39:08 PM Log.Log generateLogFileServer
INFO: Withdraw  BCC1000
Nov 02, 2017 12:39:08 PM Log.Log generateLogFileServer
INFO: Account created BCC1003
Nov 02, 2017 12:39:08 PM Log.Log generateLogFileServer
INFO: Deposit made for BCC1000
Nov 02, 2017 12:39:08 PM Log.Log generateLogFileServer
INFO: Get balance for BCC1000
Nov 02, 2017 12:39:08 PM Log.Log generateLogFileServer
INFO: Account created BCC1004
Nov 02, 2017 12:39:08 PM Log.Log generateLogFileServer
INFO: Account created BCC1005
Nov 02, 2017 12:39:08 PM Log.Log generateLogFileServer
INFO: Account created BCC1006
Nov 02, 2017 12:39:08 PM Log.Log generateLogFileServer
INFO: Deposit made for BCC1000
Nov 02, 2017 12:39:08 PM Log.Log generateLogFileServer
INFO: Account created BCC1007
Nov 02, 2017 12:39:08 PM Log.Log generateLogFileServer
INFO: Field name change for BCC1000
Nov 02, 2017 12:40:17 PM Log.Log generateLogFileServer
INFO: Account created BCC1000
Nov 02, 2017 12:40:17 PM Log.Log generateLogFileServer
INFO: Account created BCC1001
Nov 02, 2017 12:40:17 PM Log.Log generateLogFileServer
INFO: Deposit made for BCC1000
Nov 02, 2017 12:40:17 PM Log.Log generateLogFileServer
INFO: Get balance for BCC1000
Nov 02, 2017 12:40:17 PM Log.Log generateLogFileServer
INFO: Deposit failed BCC1001
Nov 02, 2017 12:40:17 PM Log.Log generateLogFileServer
INFO: Manager Autocalled transfer money for BCC1000to BCC1001
Nov 02, 2017 12:40:17 PM Log.Log generateLogFileServer
INFO: Get account count
Nov 02, 2017 12:40:17 PM Log.Log generateLogFileServer
INFO: Account created BCC1002
Nov 02, 2017 12:40:17 PM Log.Log generateLogFileServer
INFO: Deposit made for BCC1000
Nov 02, 2017 12:40:17 PM Log.Log generateLogFileServer
INFO: Withdraw  BCC1000
Nov 02, 2017 12:40:17 PM Log.Log generateLogFileServer
INFO: Account created BCC1003
Nov 02, 2017 12:40:17 PM Log.Log generateLogFileServer
INFO: Deposit made for BCC1000
Nov 02, 2017 12:40:57 PM Log.Log generateLogFileServer
INFO: Get balance for BCC1000
Nov 02, 2017 12:41:31 PM Log.Log generateLogFileServer
INFO: Account created BCC1004
Nov 02, 2017 12:41:31 PM Log.Log generateLogFileServer
INFO: Account created BCC1005
Nov 02, 2017 12:41:32 PM Log.Log generateLogFileServer
INFO: Account created BCC1006
Nov 02, 2017 12:41:32 PM Log.Log generateLogFileServer
INFO: Deposit made for BCC1000
Nov 02, 2017 12:41:33 PM Log.Log generateLogFileServer
INFO: Account created BCC1007
Nov 02, 2017 12:41:33 PM Log.Log generateLogFileServer
INFO: Field name change for BCC1000
Nov 02, 2017 12:42:25 PM Log.Log generateLogFileServer
INFO: Account created BCC1000
Nov 02, 2017 12:42:25 PM Log.Log generateLogFileServer
INFO: Account created BCC1001
Nov 02, 2017 12:42:25 PM Log.Log generateLogFileServer
INFO: Deposit made for BCC1000
Nov 02, 2017 12:42:25 PM Log.Log generateLogFileServer
INFO: Get balance for BCC1000
Nov 02, 2017 12:42:25 PM Log.Log generateLogFileServer
INFO: Deposit failed BCC1001
Nov 02, 2017 12:42:25 PM Log.Log generateLogFileServer
INFO: Manager Autocalled transfer money for BCC1000to BCC1001
Nov 02, 2017 12:42:25 PM Log.Log generateLogFileServer
INFO: Get account count
Nov 02, 2017 12:42:25 PM Log.Log generateLogFileServer
INFO: Account created BCC1002
Nov 02, 2017 12:42:25 PM Log.Log generateLogFileServer
INFO: Deposit made for BCC1000
Nov 02, 2017 12:42:25 PM Log.Log generateLogFileServer
INFO: Withdraw  BCC1000
Nov 02, 2017 12:42:25 PM Log.Log generateLogFileServer
INFO: Get balance for BCC1000
Nov 02, 2017 12:42:25 PM Log.Log generateLogFileServer
INFO: Account created BCC1003
Nov 02, 2017 12:42:25 PM Log.Log generateLogFileServer
INFO: Account created BCC1004
Nov 02, 2017 12:42:25 PM Log.Log generateLogFileServer
INFO: Account created BCC1005
Nov 02, 2017 12:42:25 PM Log.Log generateLogFileServer
INFO: Deposit made for BCC1000
Nov 02, 2017 12:42:25 PM Log.Log generateLogFileServer
INFO: Account created BCC1006
Nov 02, 2017 12:42:25 PM Log.Log generateLogFileServer
INFO: Field name change for BCC1000
Nov 02, 2017 12:43:22 PM Log.Log generateLogFileServer
INFO: Get account count
Nov 02, 2017 12:43:22 PM Log.Log generateLogFileServer
INFO: Account created BCC1000
Nov 02, 2017 12:43:22 PM Log.Log generateLogFileServer
INFO: Deposit made for BCC1000
Nov 02, 2017 12:43:22 PM Log.Log generateLogFileServer
INFO: Withdraw  BCC1000
Nov 02, 2017 12:43:22 PM Log.Log generateLogFileServer
INFO: Get balance for BCC1000
Nov 02, 2017 12:43:22 PM Log.Log generateLogFileServer
INFO: Account created BCC1001
Nov 02, 2017 12:43:22 PM Log.Log generateLogFileServer
INFO: Account created BCC1002
Nov 02, 2017 12:43:22 PM Log.Log generateLogFileServer
INFO: Account created BCC1003
Nov 02, 2017 12:43:22 PM Log.Log generateLogFileServer
INFO: Deposit made for BCC1000
Nov 02, 2017 12:43:22 PM Log.Log generateLogFileServer
INFO: Account created BCC1004
Nov 02, 2017 12:43:22 PM Log.Log generateLogFileServer
INFO: Field name change for BCC1000
Nov 02, 2017 12:43:36 PM Log.Log generateLogFileServer
INFO: Get account count
Nov 02, 2017 12:43:36 PM Log.Log generateLogFileServer
INFO: Account created BCC1000
Nov 02, 2017 12:43:36 PM Log.Log generateLogFileServer
INFO: Deposit made for BCC1000
Nov 02, 2017 12:43:36 PM Log.Log generateLogFileServer
INFO: Withdraw  BCC1000
Nov 02, 2017 12:43:36 PM Log.Log generateLogFileServer
INFO: Get balance for BCC1000
Nov 02, 2017 12:43:36 PM Log.Log generateLogFileServer
INFO: Account created BCC1001
Nov 02, 2017 12:43:36 PM Log.Log generateLogFileServer
INFO: Account created BCC1002
Nov 02, 2017 12:43:36 PM Log.Log generateLogFileServer
INFO: Account created BCC1003
Nov 02, 2017 12:43:36 PM Log.Log generateLogFileServer
INFO: Deposit made for BCC1000
Nov 02, 2017 12:43:36 PM Log.Log generateLogFileServer
INFO: Account created BCC1004
Nov 02, 2017 12:43:36 PM Log.Log generateLogFileServer
INFO: Field name change for BCC1000
Nov 02, 2017 12:44:28 PM Log.Log generateLogFileServer
INFO: Get account count
Nov 02, 2017 12:44:28 PM Log.Log generateLogFileServer
INFO: Account created BCC1000
Nov 02, 2017 12:44:28 PM Log.Log generateLogFileServer
INFO: Withdraw  BCC1000
Nov 02, 2017 12:44:28 PM Log.Log generateLogFileServer
INFO: Get balance for BCC1000
Nov 02, 2017 12:44:28 PM Log.Log generateLogFileServer
INFO: Account created BCC1001
Nov 02, 2017 12:44:28 PM Log.Log generateLogFileServer
INFO: Account created BCC1002
Nov 02, 2017 12:44:28 PM Log.Log generateLogFileServer
INFO: Account created BCC1003
Nov 02, 2017 12:44:28 PM Log.Log generateLogFileServer
INFO: Deposit made for BCC1000
Nov 02, 2017 12:44:28 PM Log.Log generateLogFileServer
INFO: Account created BCC1004
Nov 02, 2017 12:44:28 PM Log.Log generateLogFileServer
INFO: Field name change for BCC1000
Nov 02, 2017 12:44:50 PM Log.Log generateLogFileServer
INFO: Get account count
Nov 02, 2017 12:44:50 PM Log.Log generateLogFileServer
INFO: Account created BCC1000
Nov 02, 2017 12:44:50 PM Log.Log generateLogFileServer
INFO: Withdraw  BCC1000
Nov 02, 2017 12:44:50 PM Log.Log generateLogFileServer
INFO: Get balance for BCC1000
Nov 02, 2017 12:44:50 PM Log.Log generateLogFileServer
INFO: Account created BCC1001
Nov 02, 2017 12:44:50 PM Log.Log generateLogFileServer
INFO: Account created BCC1002
Nov 02, 2017 12:44:50 PM Log.Log generateLogFileServer
INFO: Account created BCC1003
Nov 02, 2017 12:44:50 PM Log.Log generateLogFileServer
INFO: Deposit made for BCC1000
Nov 02, 2017 12:44:50 PM Log.Log generateLogFileServer
INFO: Account created BCC1004
Nov 02, 2017 12:44:50 PM Log.Log generateLogFileServer
INFO: Field name change for BCC1000
Nov 02, 2017 12:46:46 PM Log.Log generateLogFileServer
INFO: Get account count
Nov 02, 2017 12:46:46 PM Log.Log generateLogFileServer
INFO: Account created BCC1000
Nov 02, 2017 12:46:46 PM Log.Log generateLogFileServer
INFO: Withdraw  BCC1000
Nov 02, 2017 12:46:46 PM Log.Log generateLogFileServer
INFO: Get balance for BCC1000
Nov 02, 2017 12:46:46 PM Log.Log generateLogFileServer
INFO: Account created BCC1001
Nov 02, 2017 12:46:46 PM Log.Log generateLogFileServer
INFO: Account created BCC1002
Nov 02, 2017 12:46:46 PM Log.Log generateLogFileServer
INFO: Account created BCC1003
Nov 02, 2017 12:46:46 PM Log.Log generateLogFileServer
INFO: Deposit made for BCC1000
Nov 02, 2017 12:46:46 PM Log.Log generateLogFileServer
INFO: Account created BCC1004
Nov 02, 2017 12:46:46 PM Log.Log generateLogFileServer
INFO: Field name change for BCC1000
Nov 02, 2017 12:48:19 PM Log.Log generateLogFileServer
INFO: Get account count
Nov 02, 2017 12:48:19 PM Log.Log generateLogFileServer
INFO: Customer doesnt exist BCC1000
Nov 02, 2017 12:48:19 PM Log.Log generateLogFileServer
INFO: Account created BCC1000
Nov 02, 2017 12:48:19 PM Log.Log generateLogFileServer
INFO: Account created BCC1001
Nov 02, 2017 12:48:19 PM Log.Log generateLogFileServer
INFO: Deposit made for BCC1000
Nov 02, 2017 12:48:19 PM Log.Log generateLogFileServer
INFO: Field name change for BCC1000
Nov 02, 2017 12:48:45 PM Log.Log generateLogFileServer
INFO: Get account count
Nov 02, 2017 12:48:45 PM Log.Log generateLogFileServer
INFO: Customer doesnt exist BCC1000
Nov 02, 2017 12:48:45 PM Log.Log generateLogFileServer
INFO: Account created BCC1000
Nov 02, 2017 12:48:45 PM Log.Log generateLogFileServer
INFO: Account created BCC1001
Nov 02, 2017 12:48:45 PM Log.Log generateLogFileServer
INFO: Deposit made for BCC1000
Nov 02, 2017 12:48:45 PM Log.Log generateLogFileServer
INFO: Field name change for BCC1000
Nov 02, 2017 12:49:50 PM Log.Log generateLogFileServer
INFO: Account created BCC1000
Nov 02, 2017 12:49:50 PM Log.Log generateLogFileServer
INFO: Account created BCC1001
Nov 02, 2017 12:49:50 PM Log.Log generateLogFileServer
INFO: Deposit made for BCC1000
Nov 02, 2017 12:49:50 PM Log.Log generateLogFileServer
INFO: Get balance for BCC1000
Nov 02, 2017 12:49:50 PM Log.Log generateLogFileServer
INFO: Deposit failed BCC1001
Nov 02, 2017 12:49:50 PM Log.Log generateLogFileServer
INFO: Manager Autocalled transfer money for BCC1000to BCC1001
Nov 02, 2017 12:49:50 PM Log.Log generateLogFileServer
INFO: Get account count
Nov 02, 2017 12:49:50 PM Log.Log generateLogFileServer
INFO: Account created BCC1002
Nov 02, 2017 12:49:50 PM Log.Log generateLogFileServer
INFO: Deposit made for BCC1000
Nov 02, 2017 12:49:50 PM Log.Log generateLogFileServer
INFO: Withdraw  BCC1000
Nov 02, 2017 12:49:50 PM Log.Log generateLogFileServer
INFO: Account created BCC1003
Nov 02, 2017 12:49:50 PM Log.Log generateLogFileServer
INFO: Deposit made for BCC1000
Nov 02, 2017 12:49:50 PM Log.Log generateLogFileServer
INFO: Get balance for BCC1000
Nov 02, 2017 12:49:50 PM Log.Log generateLogFileServer
INFO: Account created BCC1004
Nov 02, 2017 12:49:50 PM Log.Log generateLogFileServer
INFO: Account created BCC1005
Nov 02, 2017 12:49:50 PM Log.Log generateLogFileServer
INFO: Account created BCC1006
Nov 02, 2017 12:49:50 PM Log.Log generateLogFileServer
INFO: Deposit made for BCC1000
Nov 02, 2017 12:49:50 PM Log.Log generateLogFileServer
INFO: Account created BCC1007
Nov 02, 2017 12:49:50 PM Log.Log generateLogFileServer
INFO: Field name change for BCC1000
Nov 02, 2017 12:53:59 PM Log.Log generateLogFileServer
INFO: Account created BCC1000
Nov 02, 2017 12:53:59 PM Log.Log generateLogFileServer
INFO: Account created BCC1001
Nov 02, 2017 12:53:59 PM Log.Log generateLogFileServer
INFO: Deposit made for BCC1000
Nov 02, 2017 12:53:59 PM Log.Log generateLogFileServer
INFO: Get balance for BCC1000
Nov 02, 2017 12:53:59 PM Log.Log generateLogFileServer
INFO: Deposit failed BCC1001
Nov 02, 2017 12:53:59 PM Log.Log generateLogFileServer
INFO: Get account count
Nov 02, 2017 12:53:59 PM Log.Log generateLogFileServer
INFO: Account created BCC1002
Nov 02, 2017 12:53:59 PM Log.Log generateLogFileServer
INFO: Deposit made for BCC1000
Nov 02, 2017 12:53:59 PM Log.Log generateLogFileServer
INFO: Withdraw  BCC1000
Nov 02, 2017 12:53:59 PM Log.Log generateLogFileServer
INFO: Account created BCC1003
Nov 02, 2017 12:53:59 PM Log.Log generateLogFileServer
INFO: Deposit made for BCC1000
Nov 02, 2017 12:53:59 PM Log.Log generateLogFileServer
INFO: Get balance for BCC1000
Nov 02, 2017 12:53:59 PM Log.Log generateLogFileServer
INFO: Account created BCC1004
Nov 02, 2017 12:53:59 PM Log.Log generateLogFileServer
INFO: Account created BCC1005
Nov 02, 2017 12:53:59 PM Log.Log generateLogFileServer
INFO: Account created BCC1006
Nov 02, 2017 12:53:59 PM Log.Log generateLogFileServer
INFO: Deposit made for BCC1000
Nov 02, 2017 12:53:59 PM Log.Log generateLogFileServer
INFO: Account created BCC1007
Nov 02, 2017 12:53:59 PM Log.Log generateLogFileServer
INFO: Field name change for BCC1000
Nov 02, 2017 12:57:06 PM Log.Log generateLogFileServer
INFO: Account created BCC1000
Nov 02, 2017 12:57:06 PM Log.Log generateLogFileServer
INFO: Account created BCC1001
Nov 02, 2017 12:57:06 PM Log.Log generateLogFileServer
INFO: Account created BCC1002
Nov 02, 2017 12:57:06 PM Log.Log generateLogFileServer
INFO: Account created BCC1003
Nov 02, 2017 12:57:06 PM Log.Log generateLogFileServer
INFO: Get account count
Nov 02, 2017 12:57:35 PM Log.Log generateLogFileServer
INFO: Get balance for BCC1000
Nov 02, 2017 12:57:48 PM Log.Log generateLogFileServer
INFO: Get account count
Nov 02, 2017 12:58:13 PM Log.Log generateLogFileServer
INFO: Get balance for BCC1000
Nov 02, 2017 12:58:26 PM Log.Log generateLogFileServer
INFO: Get balance for BCC1000
Nov 02, 2017 12:58:39 PM Log.Log generateLogFileServer
INFO: Account created BCC1004
Nov 02, 2017 12:58:39 PM Log.Log generateLogFileServer
INFO: Account created BCC1005
Nov 02, 2017 12:58:39 PM Log.Log generateLogFileServer
INFO: Account created BCC1006
Nov 02, 2017 12:58:39 PM Log.Log generateLogFileServer
INFO: Account created BCC1007
Nov 02, 2017 12:58:39 PM Log.Log generateLogFileServer
INFO: Get account count
Nov 02, 2017 12:58:59 PM Log.Log generateLogFileServer
INFO: Deposit made for BCC1000
Nov 02, 2017 12:58:59 PM Log.Log generateLogFileServer
INFO: Get balance for BCC1000
Nov 02, 2017 12:59:10 PM Log.Log generateLogFileServer
INFO: Get balance for BCC1000
Nov 02, 2017 1:00:19 PM Log.Log generateLogFileServer
INFO: Account created BCC1000
Nov 02, 2017 1:00:19 PM Log.Log generateLogFileServer
INFO: Account created BCC1001
Nov 02, 2017 1:00:19 PM Log.Log generateLogFileServer
INFO: Account created BCC1002
Nov 02, 2017 1:00:19 PM Log.Log generateLogFileServer
INFO: Account created BCC1003
Nov 02, 2017 1:00:19 PM Log.Log generateLogFileServer
INFO: Get account count
Nov 02, 2017 1:00:33 PM Log.Log generateLogFileServer
INFO: Deposit made for BCC1000
Nov 02, 2017 1:00:33 PM Log.Log generateLogFileServer
INFO: Get balance for BCC1000
Nov 02, 2017 1:00:44 PM Log.Log generateLogFileServer
INFO: Get balance for BCC1000
Nov 02, 2017 1:05:59 PM Log.Log generateLogFileServer
INFO: Account created BCC1000
Nov 02, 2017 1:05:59 PM Log.Log generateLogFileServer
INFO: Account created BCC1001
Nov 02, 2017 1:05:59 PM Log.Log generateLogFileServer
INFO: Account created BCC1002
Nov 02, 2017 1:05:59 PM Log.Log generateLogFileServer
INFO: Account created BCC1003
Nov 02, 2017 1:06:00 PM Log.Log generateLogFileServer
INFO: Get account count
Nov 02, 2017 1:06:16 PM Log.Log generateLogFileServer
INFO: Deposit made for BCC1000
Nov 02, 2017 1:06:16 PM Log.Log generateLogFileServer
INFO: Get balance for BCC1000
Nov 02, 2017 1:06:30 PM Log.Log generateLogFileServer
INFO: Get balance for BCC1000
Nov 02, 2017 1:08:10 PM Log.Log generateLogFileServer
INFO: Account created BCC1000
Nov 02, 2017 1:08:10 PM Log.Log generateLogFileServer
INFO: Account created BCC1001
Nov 02, 2017 1:08:10 PM Log.Log generateLogFileServer
INFO: Account created BCC1002
Nov 02, 2017 1:08:10 PM Log.Log generateLogFileServer
INFO: Account created BCC1003
Nov 02, 2017 1:08:10 PM Log.Log generateLogFileServer
INFO: Get account count
Nov 02, 2017 1:09:54 PM Log.Log generateLogFileServer
INFO: Account created BCC1000
Nov 02, 2017 1:09:54 PM Log.Log generateLogFileServer
INFO: Account created BCC1001
Nov 02, 2017 1:09:54 PM Log.Log generateLogFileServer
INFO: Account created BCC1002
Nov 02, 2017 1:09:54 PM Log.Log generateLogFileServer
INFO: Account created BCC1003
Nov 02, 2017 1:09:54 PM Log.Log generateLogFileServer
INFO: Get account count
Nov 02, 2017 1:10:12 PM Log.Log generateLogFileServer
INFO: Deposit made for BCC1000
Nov 02, 2017 1:10:12 PM Log.Log generateLogFileServer
INFO: Get balance for BCC1000
Nov 02, 2017 1:10:31 PM Log.Log generateLogFileServer
INFO: Get balance for BCC1000
Nov 02, 2017 1:12:20 PM Log.Log generateLogFileServer
INFO: Account created BCC1000
Nov 02, 2017 1:12:20 PM Log.Log generateLogFileServer
INFO: Account created BCC1001
Nov 02, 2017 1:12:20 PM Log.Log generateLogFileServer
INFO: Account created BCC1002
Nov 02, 2017 1:12:20 PM Log.Log generateLogFileServer
INFO: Account created BCC1003
Nov 02, 2017 1:12:20 PM Log.Log generateLogFileServer
INFO: Get account count
Nov 02, 2017 1:12:46 PM Log.Log generateLogFileServer
INFO: Deposit made for BCC1000
Nov 02, 2017 1:12:46 PM Log.Log generateLogFileServer
INFO: Get balance for BCC1000
Nov 02, 2017 1:13:02 PM Log.Log generateLogFileServer
INFO: Get balance for BCC1000
Nov 02, 2017 1:14:53 PM Log.Log generateLogFileServer
INFO: Account created BCC1000
Nov 02, 2017 1:14:53 PM Log.Log generateLogFileServer
INFO: Account created BCC1001
Nov 02, 2017 1:14:53 PM Log.Log generateLogFileServer
INFO: Account created BCC1002
Nov 02, 2017 1:14:53 PM Log.Log generateLogFileServer
INFO: Account created BCC1003
Nov 02, 2017 1:14:53 PM Log.Log generateLogFileServer
INFO: Get account count
Nov 02, 2017 1:15:05 PM Log.Log generateLogFileServer
INFO: Deposit made for BCC1000
Nov 02, 2017 1:15:05 PM Log.Log generateLogFileServer
INFO: Get balance for BCC1000
Nov 02, 2017 1:15:27 PM Log.Log generateLogFileServer
INFO: Get balance for BCC1000
Nov 02, 2017 1:21:45 PM Log.Log generateLogFileServer
INFO: Account created BCC1000
Nov 02, 2017 1:21:45 PM Log.Log generateLogFileServer
INFO: Account created BCC1001
Nov 02, 2017 1:21:45 PM Log.Log generateLogFileServer
INFO: Account created BCC1002
Nov 02, 2017 1:21:45 PM Log.Log generateLogFileServer
INFO: Account created BCC1003
Nov 02, 2017 1:21:45 PM Log.Log generateLogFileServer
INFO: Get account count
Nov 02, 2017 1:22:33 PM Log.Log generateLogFileServer
INFO: Deposit made for BCC1000
Nov 02, 2017 1:22:33 PM Log.Log generateLogFileServer
INFO: Get balance for BCC1000
Nov 02, 2017 1:22:50 PM Log.Log generateLogFileServer
INFO: Get balance for BCC1000
Nov 02, 2017 1:24:44 PM Log.Log generateLogFileServer
INFO: Account created BCC1000
Nov 02, 2017 1:24:44 PM Log.Log generateLogFileServer
INFO: Account created BCC1001
Nov 02, 2017 1:24:44 PM Log.Log generateLogFileServer
INFO: Account created BCC1002
Nov 02, 2017 1:24:44 PM Log.Log generateLogFileServer
INFO: Account created BCC1003
Nov 02, 2017 1:24:45 PM Log.Log generateLogFileServer
INFO: Get account count
Nov 02, 2017 1:25:00 PM Log.Log generateLogFileServer
INFO: Deposit made for BCC1000
Nov 02, 2017 1:25:00 PM Log.Log generateLogFileServer
INFO: Get balance for BCC1000
Nov 02, 2017 1:25:14 PM Log.Log generateLogFileServer
INFO: Get balance for BCC1000
Nov 02, 2017 1:25:14 PM Log.Log generateLogFileServer
INFO: Manager BCM1000called transfer money for BCC1000to QCC1000
Nov 02, 2017 1:33:12 PM Log.Log generateLogFileServer
INFO: Account created BCC1000
Nov 02, 2017 1:33:12 PM Log.Log generateLogFileServer
INFO: Account created BCC1001
Nov 02, 2017 1:33:12 PM Log.Log generateLogFileServer
INFO: Deposit made for BCC1000
Nov 02, 2017 1:33:12 PM Log.Log generateLogFileServer
INFO: Get balance for BCC1000
Nov 02, 2017 1:33:12 PM Log.Log generateLogFileServer
INFO: Deposit made for BCC1001
Nov 02, 2017 1:33:12 PM Log.Log generateLogFileServer
INFO: Manager Autocalled transfer money for BCC1000to BCC1001 success
Nov 02, 2017 1:33:12 PM Log.Log generateLogFileServer
INFO: Get account count
Nov 02, 2017 1:33:12 PM Log.Log generateLogFileServer
INFO: Account created BCC1002
Nov 02, 2017 1:33:12 PM Log.Log generateLogFileServer
INFO: Deposit made for BCC1000
Nov 02, 2017 1:33:12 PM Log.Log generateLogFileServer
INFO: Withdraw  BCC1000
Nov 02, 2017 1:33:12 PM Log.Log generateLogFileServer
INFO: Account created BCC1003
Nov 02, 2017 1:33:12 PM Log.Log generateLogFileServer
INFO: Deposit made for BCC1000
Nov 02, 2017 1:33:12 PM Log.Log generateLogFileServer
INFO: Get balance for BCC1000
Nov 02, 2017 1:33:12 PM Log.Log generateLogFileServer
INFO: Account created BCC1004
Nov 02, 2017 1:33:12 PM Log.Log generateLogFileServer
INFO: Account created BCC1005
Nov 02, 2017 1:33:12 PM Log.Log generateLogFileServer
INFO: Account created BCC1006
Nov 02, 2017 1:33:12 PM Log.Log generateLogFileServer
INFO: Deposit made for BCC1000
Nov 02, 2017 1:33:12 PM Log.Log generateLogFileServer
INFO: Account created BCC1007
Nov 02, 2017 1:33:12 PM Log.Log generateLogFileServer
INFO: Field name change for BCC1000
Nov 02, 2017 1:40:31 PM Log.Log generateLogFileServer
INFO: Account created BCC1000
Nov 02, 2017 1:40:31 PM Log.Log generateLogFileServer
INFO: Account created BCC1001
Nov 02, 2017 1:40:31 PM Log.Log generateLogFileServer
INFO: Account created QCC1002
Nov 02, 2017 1:40:31 PM Log.Log generateLogFileServer
INFO: Deposit made for BCC1000
Nov 02, 2017 1:40:31 PM Log.Log generateLogFileServer
INFO: Get balance for BCC1000
Nov 02, 2017 1:40:31 PM Log.Log generateLogFileServer
INFO: Deposit made for BCC1001
Nov 02, 2017 1:40:31 PM Log.Log generateLogFileServer
INFO: Manager Autocalled transfer money for BCC1000to BCC1001 success
Nov 02, 2017 1:40:31 PM Log.Log generateLogFileServer
INFO: Get balance for BCC1000
Nov 02, 2017 1:40:31 PM Log.Log generateLogFileServer
INFO: Get account count
Nov 02, 2017 1:40:31 PM Log.Log generateLogFileServer
INFO: Account created BCC1003
Nov 02, 2017 1:40:31 PM Log.Log generateLogFileServer
INFO: Deposit made for BCC1000
Nov 02, 2017 1:40:31 PM Log.Log generateLogFileServer
INFO: Withdraw  BCC1000
Nov 02, 2017 1:40:31 PM Log.Log generateLogFileServer
INFO: Account created BCC1004
Nov 02, 2017 1:40:31 PM Log.Log generateLogFileServer
INFO: Deposit made for BCC1000
Nov 02, 2017 1:40:31 PM Log.Log generateLogFileServer
INFO: Get balance for BCC1000
Nov 02, 2017 1:40:31 PM Log.Log generateLogFileServer
INFO: Account created BCC1005
Nov 02, 2017 1:40:31 PM Log.Log generateLogFileServer
INFO: Account created BCC1006
Nov 02, 2017 1:40:31 PM Log.Log generateLogFileServer
INFO: Account created BCC1007
Nov 02, 2017 1:40:31 PM Log.Log generateLogFileServer
INFO: Deposit made for BCC1000
Nov 02, 2017 1:40:31 PM Log.Log generateLogFileServer
INFO: Account created BCC1008
Nov 02, 2017 1:40:31 PM Log.Log generateLogFileServer
INFO: Field name change for BCC1000
Nov 02, 2017 1:42:34 PM Log.Log generateLogFileServer
INFO: Account created BCC1000
Nov 02, 2017 1:42:34 PM Log.Log generateLogFileServer
INFO: Account created BCC1001
Nov 02, 2017 1:42:34 PM Log.Log generateLogFileServer
INFO: Deposit made for BCC1000
Nov 02, 2017 1:42:34 PM Log.Log generateLogFileServer
INFO: Get balance for BCC1000
Nov 02, 2017 1:42:34 PM Log.Log generateLogFileServer
INFO: Deposit made for BCC1001
Nov 02, 2017 1:42:34 PM Log.Log generateLogFileServer
INFO: Manager Autocalled transfer money for BCC1000to BCC1001 success
Nov 02, 2017 1:42:34 PM Log.Log generateLogFileServer
INFO: Get balance for BCC1000
Nov 02, 2017 1:42:34 PM Log.Log generateLogFileServer
INFO: Get account count
Nov 02, 2017 1:42:34 PM Log.Log generateLogFileServer
INFO: Account created BCC1002
Nov 02, 2017 1:42:34 PM Log.Log generateLogFileServer
INFO: Deposit made for BCC1000
Nov 02, 2017 1:42:34 PM Log.Log generateLogFileServer
INFO: Withdraw  BCC1000
Nov 02, 2017 1:42:34 PM Log.Log generateLogFileServer
INFO: Account created BCC1003
Nov 02, 2017 1:42:34 PM Log.Log generateLogFileServer
INFO: Deposit made for BCC1000
Nov 02, 2017 1:42:34 PM Log.Log generateLogFileServer
INFO: Get balance for BCC1000
Nov 02, 2017 1:42:34 PM Log.Log generateLogFileServer
INFO: Account created BCC1004
Nov 02, 2017 1:42:34 PM Log.Log generateLogFileServer
INFO: Account created BCC1005
Nov 02, 2017 1:42:34 PM Log.Log generateLogFileServer
INFO: Account created BCC1006
Nov 02, 2017 1:42:34 PM Log.Log generateLogFileServer
INFO: Deposit made for BCC1000
Nov 02, 2017 1:42:34 PM Log.Log generateLogFileServer
INFO: Account created BCC1007
Nov 02, 2017 1:42:34 PM Log.Log generateLogFileServer
INFO: Field name change for BCC1000
Nov 02, 2017 1:44:06 PM Log.Log generateLogFileServer
INFO: Account created BCC1000
Nov 02, 2017 1:44:06 PM Log.Log generateLogFileServer
INFO: Account created BCC1001
Nov 02, 2017 1:44:06 PM Log.Log generateLogFileServer
INFO: Deposit made for BCC1000
Nov 02, 2017 1:44:06 PM Log.Log generateLogFileServer
INFO: Get balance for BCC1000
Nov 02, 2017 1:44:06 PM Log.Log generateLogFileServer
INFO: Deposit made for BCC1001
Nov 02, 2017 1:44:06 PM Log.Log generateLogFileServer
INFO: Manager Autocalled transfer money for BCC1000to BCC1001 success
Nov 02, 2017 1:44:06 PM Log.Log generateLogFileServer
INFO: Get account count
Nov 02, 2017 1:44:06 PM Log.Log generateLogFileServer
INFO: Account created BCC1002
Nov 02, 2017 1:44:06 PM Log.Log generateLogFileServer
INFO: Deposit made for BCC1000
Nov 02, 2017 1:44:06 PM Log.Log generateLogFileServer
INFO: Withdraw  BCC1000
Nov 02, 2017 1:44:06 PM Log.Log generateLogFileServer
INFO: Account created BCC1003
Nov 02, 2017 1:44:06 PM Log.Log generateLogFileServer
INFO: Deposit made for BCC1000
Nov 02, 2017 1:44:06 PM Log.Log generateLogFileServer
INFO: Get balance for BCC1000
Nov 02, 2017 1:44:06 PM Log.Log generateLogFileServer
INFO: Account created BCC1004
Nov 02, 2017 1:44:06 PM Log.Log generateLogFileServer
INFO: Account created BCC1005
Nov 02, 2017 1:44:06 PM Log.Log generateLogFileServer
INFO: Account created BCC1006
Nov 02, 2017 1:44:06 PM Log.Log generateLogFileServer
INFO: Deposit made for BCC1000
Nov 02, 2017 1:44:06 PM Log.Log generateLogFileServer
INFO: Account created BCC1007
Nov 02, 2017 1:44:06 PM Log.Log generateLogFileServer
INFO: Field name change for BCC1000
Nov 02, 2017 1:44:28 PM Log.Log generateLogFileServer
INFO: Account created BCC1000
Nov 02, 2017 1:44:28 PM Log.Log generateLogFileServer
INFO: Account created BCC1001
Nov 02, 2017 1:44:28 PM Log.Log generateLogFileServer
INFO: Deposit made for BCC1000
Nov 02, 2017 1:44:28 PM Log.Log generateLogFileServer
INFO: Get balance for BCC1000
Nov 02, 2017 1:44:28 PM Log.Log generateLogFileServer
INFO: Deposit made for BCC1001
Nov 02, 2017 1:44:28 PM Log.Log generateLogFileServer
INFO: Manager Autocalled transfer money for BCC1000to BCC1001 success
Nov 02, 2017 1:44:28 PM Log.Log generateLogFileServer
INFO: Get account count
Nov 02, 2017 1:44:28 PM Log.Log generateLogFileServer
INFO: Account created BCC1002
Nov 02, 2017 1:44:28 PM Log.Log generateLogFileServer
INFO: Deposit made for BCC1000
Nov 02, 2017 1:44:28 PM Log.Log generateLogFileServer
INFO: Withdraw  BCC1000
Nov 02, 2017 1:44:28 PM Log.Log generateLogFileServer
INFO: Account created BCC1003
Nov 02, 2017 1:44:28 PM Log.Log generateLogFileServer
INFO: Deposit made for BCC1000
Nov 02, 2017 1:44:28 PM Log.Log generateLogFileServer
INFO: Get balance for BCC1000
Nov 02, 2017 1:44:28 PM Log.Log generateLogFileServer
INFO: Account created BCC1004
Nov 02, 2017 1:44:28 PM Log.Log generateLogFileServer
INFO: Account created BCC1005
Nov 02, 2017 1:44:28 PM Log.Log generateLogFileServer
INFO: Account created BCC1006
Nov 02, 2017 1:44:28 PM Log.Log generateLogFileServer
INFO: Deposit made for BCC1000
Nov 02, 2017 1:44:28 PM Log.Log generateLogFileServer
INFO: Account created BCC1007
Nov 02, 2017 1:44:28 PM Log.Log generateLogFileServer
INFO: Field name change for BCC1000
Nov 02, 2017 2:20:17 PM Log.Log generateLogFileServer
INFO: Account created BCC1000
Nov 02, 2017 2:20:17 PM Log.Log generateLogFileServer
INFO: Account created BCC1001
Nov 02, 2017 2:20:17 PM Log.Log generateLogFileServer
INFO: Account created BCC1002
Nov 02, 2017 2:20:17 PM Log.Log generateLogFileServer
INFO: Account created BCC1003
Nov 02, 2017 2:20:18 PM Log.Log generateLogFileServer
INFO: Get account count
Nov 02, 2017 2:22:11 PM Log.Log generateLogFileServer
INFO: Deposit failed BCC1010
Nov 02, 2017 2:24:26 PM Log.Log generateLogFileServer
INFO: Account created BCC1000
Nov 02, 2017 2:24:26 PM Log.Log generateLogFileServer
INFO: Account created BCC1001
Nov 02, 2017 2:24:26 PM Log.Log generateLogFileServer
INFO: Deposit made for BCC1000
Nov 02, 2017 2:24:26 PM Log.Log generateLogFileServer
INFO: Get balance for BCC1000
Nov 02, 2017 2:24:26 PM Log.Log generateLogFileServer
INFO: Deposit made for BCC1001
Nov 02, 2017 2:24:26 PM Log.Log generateLogFileServer
INFO: Manager Autocalled transfer money for BCC1000to BCC1001 success
Nov 02, 2017 2:24:26 PM Log.Log generateLogFileServer
INFO: Get account count
Nov 02, 2017 2:24:26 PM Log.Log generateLogFileServer
INFO: Account created BCC1002
Nov 02, 2017 2:24:26 PM Log.Log generateLogFileServer
INFO: Deposit made for BCC1000
Nov 02, 2017 2:24:26 PM Log.Log generateLogFileServer
INFO: Withdraw  BCC1000
Nov 02, 2017 2:24:26 PM Log.Log generateLogFileServer
INFO: Account created BCC1003
Nov 02, 2017 2:24:26 PM Log.Log generateLogFileServer
INFO: Deposit made for BCC1000
Nov 02, 2017 2:24:26 PM Log.Log generateLogFileServer
INFO: Get balance for BCC1000
Nov 02, 2017 2:24:26 PM Log.Log generateLogFileServer
INFO: Account created BCC1004
Nov 02, 2017 2:24:26 PM Log.Log generateLogFileServer
INFO: Account created BCC1005
Nov 02, 2017 2:24:26 PM Log.Log generateLogFileServer
INFO: Account created BCC1006
Nov 02, 2017 2:24:26 PM Log.Log generateLogFileServer
INFO: Deposit made for BCC1000
Nov 02, 2017 2:24:26 PM Log.Log generateLogFileServer
INFO: Account created BCC1007
Nov 02, 2017 2:24:26 PM Log.Log generateLogFileServer
INFO: Field name change for BCC1000
Nov 02, 2017 2:54:56 PM Log.Log generateLogFileServer
INFO: Account created BCC1000
Nov 02, 2017 2:54:56 PM Log.Log generateLogFileServer
INFO: Account created BCC1001
Nov 02, 2017 2:54:56 PM Log.Log generateLogFileServer
INFO: Deposit made for BCC1000
Nov 02, 2017 2:54:56 PM Log.Log generateLogFileServer
INFO: Get balance for BCC1000
Nov 02, 2017 2:54:56 PM Log.Log generateLogFileServer
INFO: Deposit made for BCC1001
Nov 02, 2017 2:54:56 PM Log.Log generateLogFileServer
INFO: Manager Autocalled transfer money for BCC1000to BCC1001 success
Nov 02, 2017 2:54:56 PM Log.Log generateLogFileServer
INFO: Get account count
Nov 02, 2017 2:54:56 PM Log.Log generateLogFileServer
INFO: Account created BCC1002
Nov 02, 2017 2:54:56 PM Log.Log generateLogFileServer
INFO: Deposit made for BCC1000
Nov 02, 2017 2:54:56 PM Log.Log generateLogFileServer
INFO: Withdraw  BCC1000
Nov 02, 2017 2:54:56 PM Log.Log generateLogFileServer
INFO: Account created BCC1003
Nov 02, 2017 2:54:56 PM Log.Log generateLogFileServer
INFO: Deposit made for BCC1000
Nov 02, 2017 2:54:56 PM Log.Log generateLogFileServer
INFO: Get balance for BCC1000
Nov 02, 2017 2:54:56 PM Log.Log generateLogFileServer
INFO: Account created BCC1004
Nov 02, 2017 2:54:56 PM Log.Log generateLogFileServer
INFO: Account created BCC1005
Nov 02, 2017 2:54:56 PM Log.Log generateLogFileServer
INFO: Account created BCC1006
Nov 02, 2017 2:54:56 PM Log.Log generateLogFileServer
INFO: Deposit made for BCC1000
Nov 02, 2017 2:54:56 PM Log.Log generateLogFileServer
INFO: Account created BCC1007
Nov 02, 2017 2:54:56 PM Log.Log generateLogFileServer
INFO: Field name change for BCC1000
Nov 14, 2017 12:25:04 PM log.Log generateLogFileServer
INFO: Account created QCC1000
Nov 14, 2017 12:25:04 PM log.Log generateLogFileServer
INFO: Account created QCC1001
Nov 14, 2017 12:25:04 PM log.Log generateLogFileServer
INFO: Account created QCC1002
Nov 14, 2017 12:31:55 PM log.Log generateLogFileServer
INFO: Get account count
Nov 14, 2017 12:31:55 PM log.Log generateLogFileServer
INFO: Account created QCC1003
Nov 14, 2017 12:31:55 PM log.Log generateLogFileServer
INFO: Account created QCC1004
Nov 14, 2017 12:31:55 PM log.Log generateLogFileServer
INFO: Account created QCC1005
Nov 14, 2017 12:31:55 PM log.Log generateLogFileServer
INFO: Account created QCC1006
Nov 14, 2017 12:56:42 PM log.Log generateLogFileServer
INFO: Account created BCC1000
Nov 14, 2017 12:56:42 PM log.Log generateLogFileServer
INFO: Account created BCC1001
Nov 14, 2017 12:56:42 PM log.Log generateLogFileServer
INFO: Account created BCC1002
Nov 14, 2017 12:56:42 PM log.Log generateLogFileServer
INFO: Account created BCC1003
Nov 14, 2017 12:58:31 PM log.Log generateLogFileServer
INFO: Account created BCC1000
Nov 14, 2017 12:58:31 PM log.Log generateLogFileServer
INFO: Account created BCC1001
Nov 14, 2017 12:58:31 PM log.Log generateLogFileServer
INFO: Account created BCC1002
Nov 14, 2017 12:58:31 PM log.Log generateLogFileServer
INFO: Account created BCC1003
Nov 14, 2017 12:59:21 PM log.Log generateLogFileServer
INFO: Get account count
Nov 14, 2017 1:21:59 PM log.Log generateLogFileServer
INFO: Account created BCC1000
Nov 14, 2017 1:21:59 PM log.Log generateLogFileServer
INFO: Account created BCC1001
Nov 14, 2017 1:21:59 PM log.Log generateLogFileServer
INFO: Account created BCC1002
Nov 14, 2017 1:21:59 PM log.Log generateLogFileServer
INFO: Account created BCC1003
Nov 14, 2017 1:23:36 PM log.Log generateLogFileServer
INFO: Get account count
Nov 14, 2017 1:24:04 PM log.Log generateLogFileServer
INFO: Account created BCC1000
Nov 14, 2017 1:24:04 PM log.Log generateLogFileServer
INFO: Account created BCC1001
Nov 14, 2017 1:24:04 PM log.Log generateLogFileServer
INFO: Account created BCC1002
Nov 14, 2017 1:24:04 PM log.Log generateLogFileServer
INFO: Account created BCC1003
Nov 14, 2017 1:25:02 PM log.Log generateLogFileServer
INFO: Get account count
Nov 14, 2017 1:28:28 PM log.Log generateLogFileServer
INFO: Account created BCC1000
Nov 14, 2017 1:28:28 PM log.Log generateLogFileServer
INFO: Account created BCC1001
Nov 14, 2017 1:28:28 PM log.Log generateLogFileServer
INFO: Account created BCC1002
Nov 14, 2017 1:28:28 PM log.Log generateLogFileServer
INFO: Account created BCC1003
Nov 14, 2017 1:28:52 PM log.Log generateLogFileServer
INFO: Get account count
Nov 14, 2017 1:30:03 PM log.Log generateLogFileServer
INFO: Account created BCC1000
Nov 14, 2017 1:30:03 PM log.Log generateLogFileServer
INFO: Account created BCC1001
Nov 14, 2017 1:30:03 PM log.Log generateLogFileServer
INFO: Account created BCC1002
Nov 14, 2017 1:30:03 PM log.Log generateLogFileServer
INFO: Account created BCC1003
Nov 14, 2017 1:33:27 PM log.Log generateLogFileServer
INFO: Account created BCC1000
Nov 14, 2017 1:33:27 PM log.Log generateLogFileServer
INFO: Account created BCC1001
Nov 14, 2017 1:33:27 PM log.Log generateLogFileServer
INFO: Account created BCC1002
Nov 14, 2017 1:33:27 PM log.Log generateLogFileServer
INFO: Account created BCC1003
Nov 14, 2017 1:34:03 PM log.Log generateLogFileServer
INFO: Account created BCC1004
Nov 14, 2017 1:34:03 PM log.Log generateLogFileServer
INFO: Account created BCC1005
Nov 14, 2017 1:34:03 PM log.Log generateLogFileServer
INFO: Account created BCC1006
Nov 14, 2017 1:34:03 PM log.Log generateLogFileServer
INFO: Account created BCC1007
Nov 14, 2017 1:36:40 PM log.Log generateLogFileServer
INFO: Account created BCC1000
Nov 14, 2017 1:36:40 PM log.Log generateLogFileServer
INFO: Account created BCC1001
Nov 14, 2017 1:36:40 PM log.Log generateLogFileServer
INFO: Account created BCC1002
Nov 14, 2017 1:36:40 PM log.Log generateLogFileServer
INFO: Account created BCC1003
Nov 14, 2017 1:55:27 PM log.Log generateLogFileServer
INFO: Account created BCC1000
Nov 14, 2017 1:55:27 PM log.Log generateLogFileServer
INFO: Account created BCC1001
Nov 14, 2017 1:55:27 PM log.Log generateLogFileServer
INFO: Account created BCC1002
Nov 14, 2017 1:55:27 PM log.Log generateLogFileServer
INFO: Account created BCC1003
Nov 14, 2017 2:03:13 PM log.Log generateLogFileServer
INFO: Account created BCC1000
Nov 14, 2017 2:03:13 PM log.Log generateLogFileServer
INFO: Account created BCC1001
Nov 14, 2017 2:03:13 PM log.Log generateLogFileServer
INFO: Account created BCC1002
Nov 14, 2017 2:03:13 PM log.Log generateLogFileServer
INFO: Account created BCC1003
Dec 08, 2017 8:48:46 PM Log.Log generateLogFileServer
INFO: Account created BCC1000
Dec 08, 2017 8:48:46 PM Log.Log generateLogFileServer
INFO: Account created BCC1001
Dec 08, 2017 8:48:46 PM Log.Log generateLogFileServer
INFO: Deposit made for BCC1000
Dec 08, 2017 8:48:46 PM Log.Log generateLogFileServer
INFO: Get balance for BCC1000
Dec 08, 2017 8:48:46 PM Log.Log generateLogFileServer
INFO: Deposit made for BCC1001
Dec 08, 2017 8:48:46 PM Log.Log generateLogFileServer
INFO: Manager Autocalled transfer money for BCC1000to BCC1001 success
